{"/Users/mark/Coding/bookstore/config/booksRoutes.js":{"path":"/Users/mark/Coding/bookstore/config/booksRoutes.js","statementMap":{"0":{"start":{"line":1,"column":15},"end":{"line":1,"column":42}},"1":{"start":{"line":2,"column":14},"end":{"line":2,"column":55}},"2":{"start":{"line":4,"column":0},"end":{"line":6,"column":22}},"3":{"start":{"line":8,"column":0},"end":{"line":11,"column":24}},"4":{"start":{"line":13,"column":0},"end":{"line":13,"column":49}},"5":{"start":{"line":13,"column":33},"end":{"line":13,"column":47}},"6":{"start":{"line":15,"column":0},"end":{"line":15,"column":24}}},"fnMap":{"0":{"name":"(anonymous_0)","decl":{"start":{"line":13,"column":19},"end":{"line":13,"column":20}},"loc":{"start":{"line":13,"column":33},"end":{"line":13,"column":47}},"line":13}},"branchMap":{},"s":{"0":0,"1":0,"2":0,"3":0,"4":0,"5":0,"6":0},"f":{"0":0},"b":{}},"/Users/mark/Coding/bookstore/config/environment.js":{"path":"/Users/mark/Coding/bookstore/config/environment.js","statementMap":{"0":{"start":{"line":1,"column":13},"end":{"line":1,"column":37}},"1":{"start":{"line":2,"column":14},"end":{"line":2,"column":72}},"2":{"start":{"line":3,"column":15},"end":{"line":3,"column":52}},"3":{"start":{"line":5,"column":0},"end":{"line":9,"column":2}}},"fnMap":{},"branchMap":{"0":{"loc":{"start":{"line":1,"column":13},"end":{"line":1,"column":37}},"type":"binary-expr","locations":[{"start":{"line":1,"column":13},"end":{"line":1,"column":29}},{"start":{"line":1,"column":33},"end":{"line":1,"column":37}}],"line":1},"1":{"loc":{"start":{"line":2,"column":14},"end":{"line":2,"column":72}},"type":"binary-expr","locations":[{"start":{"line":2,"column":14},"end":{"line":2,"column":37}},{"start":{"line":2,"column":41},"end":{"line":2,"column":72}}],"line":2},"2":{"loc":{"start":{"line":3,"column":15},"end":{"line":3,"column":52}},"type":"binary-expr","locations":[{"start":{"line":3,"column":15},"end":{"line":3,"column":33}},{"start":{"line":3,"column":37},"end":{"line":3,"column":52}}],"line":3}},"s":{"0":0,"1":0,"2":0,"3":0},"f":{},"b":{"0":[0,0],"1":[0,0],"2":[0,0]}},"/Users/mark/Coding/bookstore/controllers/booksController.js":{"path":"/Users/mark/Coding/bookstore/controllers/booksController.js","statementMap":{"0":{"start":{"line":1,"column":13},"end":{"line":1,"column":37}},"1":{"start":{"line":4,"column":2},"end":{"line":8,"column":45}},"2":{"start":{"line":7,"column":19},"end":{"line":7,"column":46}},"3":{"start":{"line":8,"column":18},"end":{"line":8,"column":43}},"4":{"start":{"line":12,"column":2},"end":{"line":15,"column":45}},"5":{"start":{"line":14,"column":18},"end":{"line":14,"column":85}},"6":{"start":{"line":15,"column":18},"end":{"line":15,"column":43}},"7":{"start":{"line":19,"column":2},"end":{"line":28,"column":45}},"8":{"start":{"line":23,"column":6},"end":{"line":25,"column":7}},"9":{"start":{"line":24,"column":8},"end":{"line":24,"column":93}},"10":{"start":{"line":26,"column":6},"end":{"line":26,"column":40}},"11":{"start":{"line":28,"column":18},"end":{"line":28,"column":43}},"12":{"start":{"line":32,"column":2},"end":{"line":36,"column":45}},"13":{"start":{"line":35,"column":16},"end":{"line":35,"column":79}},"14":{"start":{"line":36,"column":18},"end":{"line":36,"column":43}},"15":{"start":{"line":40,"column":2},"end":{"line":49,"column":45}},"16":{"start":{"line":44,"column":6},"end":{"line":44,"column":38}},"17":{"start":{"line":44,"column":16},"end":{"line":44,"column":38}},"18":{"start":{"line":45,"column":6},"end":{"line":45,"column":43}},"19":{"start":{"line":46,"column":6},"end":{"line":46,"column":25}},"20":{"start":{"line":48,"column":18},"end":{"line":48,"column":32}},"21":{"start":{"line":49,"column":18},"end":{"line":49,"column":43}},"22":{"start":{"line":52,"column":0},"end":{"line":58,"column":2}}},"fnMap":{"0":{"name":"getBooks","decl":{"start":{"line":3,"column":9},"end":{"line":3,"column":17}},"loc":{"start":{"line":3,"column":28},"end":{"line":9,"column":1}},"line":3},"1":{"name":"(anonymous_1)","decl":{"start":{"line":7,"column":10},"end":{"line":7,"column":11}},"loc":{"start":{"line":7,"column":19},"end":{"line":7,"column":46}},"line":7},"2":{"name":"(anonymous_2)","decl":{"start":{"line":8,"column":11},"end":{"line":8,"column":12}},"loc":{"start":{"line":8,"column":18},"end":{"line":8,"column":43}},"line":8},"3":{"name":"postBook","decl":{"start":{"line":11,"column":9},"end":{"line":11,"column":17}},"loc":{"start":{"line":11,"column":28},"end":{"line":16,"column":1}},"line":11},"4":{"name":"(anonymous_4)","decl":{"start":{"line":14,"column":10},"end":{"line":14,"column":11}},"loc":{"start":{"line":14,"column":18},"end":{"line":14,"column":85}},"line":14},"5":{"name":"(anonymous_5)","decl":{"start":{"line":15,"column":11},"end":{"line":15,"column":12}},"loc":{"start":{"line":15,"column":18},"end":{"line":15,"column":43}},"line":15},"6":{"name":"getBook","decl":{"start":{"line":18,"column":9},"end":{"line":18,"column":16}},"loc":{"start":{"line":18,"column":27},"end":{"line":29,"column":1}},"line":18},"7":{"name":"(anonymous_7)","decl":{"start":{"line":22,"column":10},"end":{"line":22,"column":11}},"loc":{"start":{"line":22,"column":20},"end":{"line":27,"column":5}},"line":22},"8":{"name":"(anonymous_8)","decl":{"start":{"line":28,"column":11},"end":{"line":28,"column":12}},"loc":{"start":{"line":28,"column":18},"end":{"line":28,"column":43}},"line":28},"9":{"name":"deleteBook","decl":{"start":{"line":31,"column":9},"end":{"line":31,"column":19}},"loc":{"start":{"line":31,"column":30},"end":{"line":37,"column":1}},"line":31},"10":{"name":"(anonymous_10)","decl":{"start":{"line":35,"column":10},"end":{"line":35,"column":11}},"loc":{"start":{"line":35,"column":16},"end":{"line":35,"column":79}},"line":35},"11":{"name":"(anonymous_11)","decl":{"start":{"line":36,"column":11},"end":{"line":36,"column":12}},"loc":{"start":{"line":36,"column":18},"end":{"line":36,"column":43}},"line":36},"12":{"name":"updateBook","decl":{"start":{"line":39,"column":9},"end":{"line":39,"column":19}},"loc":{"start":{"line":39,"column":30},"end":{"line":50,"column":1}},"line":39},"13":{"name":"(anonymous_13)","decl":{"start":{"line":43,"column":10},"end":{"line":43,"column":11}},"loc":{"start":{"line":43,"column":20},"end":{"line":47,"column":5}},"line":43},"14":{"name":"(anonymous_14)","decl":{"start":{"line":48,"column":10},"end":{"line":48,"column":11}},"loc":{"start":{"line":48,"column":18},"end":{"line":48,"column":32}},"line":48},"15":{"name":"(anonymous_15)","decl":{"start":{"line":49,"column":11},"end":{"line":49,"column":12}},"loc":{"start":{"line":49,"column":18},"end":{"line":49,"column":43}},"line":49}},"branchMap":{"0":{"loc":{"start":{"line":23,"column":6},"end":{"line":25,"column":7}},"type":"if","locations":[{"start":{"line":23,"column":6},"end":{"line":25,"column":7}},{"start":{"line":23,"column":6},"end":{"line":25,"column":7}}],"line":23},"1":{"loc":{"start":{"line":44,"column":6},"end":{"line":44,"column":38}},"type":"if","locations":[{"start":{"line":44,"column":6},"end":{"line":44,"column":38}},{"start":{"line":44,"column":6},"end":{"line":44,"column":38}}],"line":44}},"s":{"0":0,"1":0,"2":0,"3":0,"4":0,"5":0,"6":0,"7":0,"8":0,"9":0,"10":0,"11":0,"12":0,"13":0,"14":0,"15":0,"16":0,"17":0,"18":0,"19":0,"20":0,"21":0,"22":0},"f":{"0":0,"1":0,"2":0,"3":0,"4":0,"5":0,"6":0,"7":0,"8":0,"9":0,"10":0,"11":0,"12":0,"13":0,"14":0,"15":0},"b":{"0":[0,0],"1":[0,0]}},"/Users/mark/Coding/bookstore/db/seeds.js":{"path":"/Users/mark/Coding/bookstore/db/seeds.js","statementMap":{"0":{"start":{"line":1,"column":17},"end":{"line":1,"column":36}},"1":{"start":{"line":2,"column":0},"end":{"line":2,"column":39}},"2":{"start":{"line":4,"column":18},"end":{"line":4,"column":50}},"3":{"start":{"line":5,"column":13},"end":{"line":5,"column":37}},"4":{"start":{"line":7,"column":17},"end":{"line":47,"column":2}},"5":{"start":{"line":49,"column":0},"end":{"line":55,"column":46}},"6":{"start":{"line":51,"column":14},"end":{"line":51,"column":31}},"7":{"start":{"line":52,"column":14},"end":{"line":52,"column":35}},"8":{"start":{"line":53,"column":17},"end":{"line":53,"column":61}},"9":{"start":{"line":54,"column":16},"end":{"line":54,"column":32}},"10":{"start":{"line":55,"column":17},"end":{"line":55,"column":44}}},"fnMap":{"0":{"name":"(anonymous_0)","decl":{"start":{"line":51,"column":8},"end":{"line":51,"column":9}},"loc":{"start":{"line":51,"column":14},"end":{"line":51,"column":31}},"line":51},"1":{"name":"(anonymous_1)","decl":{"start":{"line":52,"column":8},"end":{"line":52,"column":9}},"loc":{"start":{"line":52,"column":14},"end":{"line":52,"column":35}},"line":52},"2":{"name":"(anonymous_2)","decl":{"start":{"line":53,"column":8},"end":{"line":53,"column":9}},"loc":{"start":{"line":53,"column":17},"end":{"line":53,"column":61}},"line":53},"3":{"name":"(anonymous_3)","decl":{"start":{"line":54,"column":9},"end":{"line":54,"column":10}},"loc":{"start":{"line":54,"column":16},"end":{"line":54,"column":32}},"line":54},"4":{"name":"(anonymous_4)","decl":{"start":{"line":55,"column":11},"end":{"line":55,"column":12}},"loc":{"start":{"line":55,"column":17},"end":{"line":55,"column":44}},"line":55}},"branchMap":{},"s":{"0":0,"1":0,"2":0,"3":0,"4":0,"5":0,"6":0,"7":0,"8":0,"9":0,"10":0},"f":{"0":0,"1":0,"2":0,"3":0,"4":0},"b":{}},"/Users/mark/Coding/bookstore/lib/customResponses.js":{"path":"/Users/mark/Coding/bookstore/lib/customResponses.js","statementMap":{"0":{"start":{"line":2,"column":2},"end":{"line":7,"column":4}},"1":{"start":{"line":3,"column":16},"end":{"line":3,"column":38}},"2":{"start":{"line":4,"column":4},"end":{"line":4,"column":21}},"3":{"start":{"line":6,"column":4},"end":{"line":6,"column":14}},"4":{"start":{"line":9,"column":2},"end":{"line":14,"column":4}},"5":{"start":{"line":10,"column":16},"end":{"line":10,"column":41}},"6":{"start":{"line":11,"column":4},"end":{"line":11,"column":21}},"7":{"start":{"line":13,"column":4},"end":{"line":13,"column":14}},"8":{"start":{"line":16,"column":2},"end":{"line":16,"column":9}},"9":{"start":{"line":19,"column":0},"end":{"line":19,"column":33}}},"fnMap":{"0":{"name":"customResponses","decl":{"start":{"line":1,"column":9},"end":{"line":1,"column":24}},"loc":{"start":{"line":1,"column":41},"end":{"line":17,"column":1}},"line":1},"1":{"name":"notFound","decl":{"start":{"line":2,"column":26},"end":{"line":2,"column":34}},"loc":{"start":{"line":2,"column":37},"end":{"line":7,"column":3}},"line":2},"2":{"name":"unauthorized","decl":{"start":{"line":9,"column":30},"end":{"line":9,"column":42}},"loc":{"start":{"line":9,"column":45},"end":{"line":14,"column":3}},"line":9}},"branchMap":{},"s":{"0":0,"1":0,"2":0,"3":0,"4":0,"5":0,"6":0,"7":0,"8":0,"9":0},"f":{"0":0,"1":0,"2":0},"b":{}},"/Users/mark/Coding/bookstore/lib/errorHandler.js":{"path":"/Users/mark/Coding/bookstore/lib/errorHandler.js","statementMap":{"0":{"start":{"line":3,"column":2},"end":{"line":12,"column":3}},"1":{"start":{"line":4,"column":4},"end":{"line":4,"column":21}},"2":{"start":{"line":5,"column":4},"end":{"line":5,"column":41}},"3":{"start":{"line":7,"column":19},"end":{"line":7,"column":21}},"4":{"start":{"line":8,"column":4},"end":{"line":10,"column":5}},"5":{"start":{"line":9,"column":6},"end":{"line":9,"column":44}},"6":{"start":{"line":11,"column":4},"end":{"line":11,"column":24}},"7":{"start":{"line":14,"column":2},"end":{"line":14,"column":55}},"8":{"start":{"line":15,"column":2},"end":{"line":15,"column":33}},"9":{"start":{"line":17,"column":2},"end":{"line":17,"column":76}},"10":{"start":{"line":19,"column":2},"end":{"line":19,"column":12}},"11":{"start":{"line":22,"column":0},"end":{"line":22,"column":30}}},"fnMap":{"0":{"name":"errorHandler","decl":{"start":{"line":1,"column":9},"end":{"line":1,"column":21}},"loc":{"start":{"line":1,"column":43},"end":{"line":20,"column":1}},"line":1}},"branchMap":{"0":{"loc":{"start":{"line":3,"column":2},"end":{"line":12,"column":3}},"type":"if","locations":[{"start":{"line":3,"column":2},"end":{"line":12,"column":3}},{"start":{"line":3,"column":2},"end":{"line":12,"column":3}}],"line":3},"1":{"loc":{"start":{"line":14,"column":16},"end":{"line":14,"column":54}},"type":"binary-expr","locations":[{"start":{"line":14,"column":16},"end":{"line":14,"column":27}},{"start":{"line":14,"column":31},"end":{"line":14,"column":54}}],"line":14},"2":{"loc":{"start":{"line":15,"column":15},"end":{"line":15,"column":32}},"type":"binary-expr","locations":[{"start":{"line":15,"column":15},"end":{"line":15,"column":25}},{"start":{"line":15,"column":29},"end":{"line":15,"column":32}}],"line":15}},"s":{"0":0,"1":0,"2":0,"3":0,"4":0,"5":0,"6":0,"7":0,"8":0,"9":0,"10":0,"11":0},"f":{"0":0},"b":{"0":[0,0],"1":[0,0],"2":[0,0]}},"/Users/mark/Coding/bookstore/lib/secureRoute.js":{"path":"/Users/mark/Coding/bookstore/lib/secureRoute.js","statementMap":{},"fnMap":{},"branchMap":{},"s":{},"f":{},"b":{}},"/Users/mark/Coding/bookstore/model/book.js":{"path":"/Users/mark/Coding/bookstore/model/book.js","statementMap":{"0":{"start":{"line":1,"column":17},"end":{"line":1,"column":36}},"1":{"start":{"line":2,"column":15},"end":{"line":2,"column":30}},"2":{"start":{"line":4,"column":19},"end":{"line":10,"column":4}},"3":{"start":{"line":12,"column":0},"end":{"line":19,"column":3}},"4":{"start":{"line":16,"column":4},"end":{"line":16,"column":20}},"5":{"start":{"line":17,"column":4},"end":{"line":17,"column":20}},"6":{"start":{"line":21,"column":0},"end":{"line":21,"column":52}}},"fnMap":{"0":{"name":"(anonymous_0)","decl":{"start":{"line":15,"column":2},"end":{"line":15,"column":3}},"loc":{"start":{"line":15,"column":22},"end":{"line":18,"column":3}},"line":15}},"branchMap":{},"s":{"0":0,"1":0,"2":0,"3":0,"4":0,"5":0,"6":0},"f":{"0":0},"b":{}},"/Users/mark/Coding/bookstore/public/app.js":{"path":"/Users/mark/Coding/bookstore/public/app.js","statementMap":{"0":{"start":{"line":1,"column":0},"end":{"line":36,"column":7888}},"1":{"start":{"line":1,"column":27},"end":{"line":1,"column":52}},"2":{"start":{"line":1,"column":73},"end":{"line":1,"column":113}},"3":{"start":{"line":1,"column":116},"end":{"line":1,"column":148}},"4":{"start":{"line":1,"column":149},"end":{"line":1,"column":246}},"5":{"start":{"line":1,"column":261},"end":{"line":1,"column":820}},"6":{"start":{"line":1,"column":303},"end":{"line":1,"column":383}},"7":{"start":{"line":1,"column":341},"end":{"line":1,"column":383}},"8":{"start":{"line":1,"column":383},"end":{"line":1,"column":507}},"9":{"start":{"line":1,"column":393},"end":{"line":1,"column":411}},"10":{"start":{"line":1,"column":414},"end":{"line":1,"column":441}},"11":{"start":{"line":1,"column":442},"end":{"line":1,"column":485}},"12":{"start":{"line":1,"column":495},"end":{"line":1,"column":506}},"13":{"start":{"line":1,"column":507},"end":{"line":1,"column":818}},"14":{"start":{"line":1,"column":539},"end":{"line":1,"column":817}},"15":{"start":{"line":1,"column":559},"end":{"line":1,"column":817}},"16":{"start":{"line":1,"column":575},"end":{"line":1,"column":628}},"17":{"start":{"line":1,"column":633},"end":{"line":1,"column":817}},"18":{"start":{"line":1,"column":651},"end":{"line":1,"column":655}},"19":{"start":{"line":1,"column":660},"end":{"line":1,"column":817}},"20":{"start":{"line":1,"column":694},"end":{"line":1,"column":744}},"21":{"start":{"line":1,"column":749},"end":{"line":1,"column":812}},"22":{"start":{"line":1,"column":759},"end":{"line":1,"column":785}},"23":{"start":{"line":1,"column":795},"end":{"line":1,"column":811}},"24":{"start":{"line":1,"column":812},"end":{"line":1,"column":816}},"25":{"start":{"line":1,"column":841},"end":{"line":1,"column":845}},"26":{"start":{"line":1,"column":846},"end":{"line":1,"column":861}},"27":{"start":{"line":1,"column":852},"end":{"line":1,"column":861}},"28":{"start":{"line":1,"column":867},"end":{"line":1,"column":1094}},"29":{"start":{"line":1,"column":879},"end":{"line":1,"column":1093}},"30":{"start":{"line":1,"column":1095},"end":{"line":1,"column":1295}},"31":{"start":{"line":1,"column":1110},"end":{"line":1,"column":1295}},"32":{"start":{"line":1,"column":1200},"end":{"line":1,"column":1289}},"33":{"start":{"line":1,"column":1252},"end":{"line":1,"column":1263}},"34":{"start":{"line":1,"column":1281},"end":{"line":1,"column":1287}},"35":{"start":{"line":1,"column":1295},"end":{"line":1,"column":1459}},"36":{"start":{"line":1,"column":1331},"end":{"line":1,"column":1380}},"37":{"start":{"line":1,"column":1381},"end":{"line":1,"column":1456}},"38":{"start":{"line":1,"column":1443},"end":{"line":1,"column":1454}},"39":{"start":{"line":1,"column":1480},"end":{"line":1,"column":2429}},"40":{"start":{"line":1,"column":1628},"end":{"line":1,"column":1855}},"41":{"start":{"line":1,"column":1642},"end":{"line":1,"column":1661}},"42":{"start":{"line":1,"column":1666},"end":{"line":1,"column":1855}},"43":{"start":{"line":1,"column":1690},"end":{"line":1,"column":1708}},"44":{"start":{"line":1,"column":1713},"end":{"line":1,"column":1855}},"45":{"start":{"line":1,"column":1735},"end":{"line":1,"column":1808}},"46":{"start":{"line":1,"column":1762},"end":{"line":1,"column":1808}},"47":{"start":{"line":1,"column":1813},"end":{"line":1,"column":1855}},"48":{"start":{"line":1,"column":1877},"end":{"line":1,"column":2031}},"49":{"start":{"line":1,"column":1891},"end":{"line":1,"column":1910}},"50":{"start":{"line":1,"column":1915},"end":{"line":1,"column":2031}},"51":{"start":{"line":1,"column":1937},"end":{"line":1,"column":1997}},"52":{"start":{"line":1,"column":1964},"end":{"line":1,"column":1997}},"53":{"start":{"line":1,"column":2002},"end":{"line":1,"column":2031}},"54":{"start":{"line":1,"column":2053},"end":{"line":1,"column":2079}},"55":{"start":{"line":1,"column":2111},"end":{"line":1,"column":2137}},"56":{"start":{"line":1,"column":2178},"end":{"line":1,"column":2207}},"57":{"start":{"line":1,"column":2208},"end":{"line":1,"column":2244}},"58":{"start":{"line":1,"column":2281},"end":{"line":1,"column":2296}},"59":{"start":{"line":1,"column":2287},"end":{"line":1,"column":2296}},"60":{"start":{"line":1,"column":2296},"end":{"line":1,"column":2305}},"61":{"start":{"line":1,"column":2336},"end":{"line":1,"column":2345}},"62":{"start":{"line":1,"column":2385},"end":{"line":1,"column":2397}},"63":{"start":{"line":1,"column":2398},"end":{"line":1,"column":2417}},"64":{"start":{"line":1,"column":2430},"end":{"line":1,"column":2447}},"65":{"start":{"line":1,"column":2462},"end":{"line":1,"column":2466}},"66":{"start":{"line":1,"column":2466},"end":{"line":1,"column":2510}},"67":{"start":{"line":1,"column":2493},"end":{"line":1,"column":2510}},"68":{"start":{"line":1,"column":2525},"end":{"line":1,"column":2545}},"69":{"start":{"line":1,"column":2560},"end":{"line":1,"column":2632}},"70":{"start":{"line":1,"column":2574},"end":{"line":1,"column":2632}},"71":{"start":{"line":1,"column":2632},"end":{"line":1,"column":2849}},"72":{"start":{"line":1,"column":2676},"end":{"line":1,"column":2704}},"73":{"start":{"line":1,"column":2682},"end":{"line":1,"column":2704}},"74":{"start":{"line":1,"column":2704},"end":{"line":1,"column":2739}},"75":{"start":{"line":1,"column":2745},"end":{"line":1,"column":2795}},"76":{"start":{"line":1,"column":2771},"end":{"line":1,"column":2793}},"77":{"start":{"line":1,"column":2796},"end":{"line":1,"column":2801}},"78":{"start":{"line":1,"column":2801},"end":{"line":1,"column":2847}},"79":{"start":{"line":1,"column":2866},"end":{"line":1,"column":2978}},"80":{"start":{"line":1,"column":2881},"end":{"line":1,"column":2889}},"81":{"start":{"line":1,"column":2889},"end":{"line":1,"column":2959}},"82":{"start":{"line":1,"column":2904},"end":{"line":1,"column":2959}},"83":{"start":{"line":1,"column":2959},"end":{"line":1,"column":2977}},"84":{"start":{"line":1,"column":2993},"end":{"line":1,"column":3024}},"85":{"start":{"line":1,"column":3038},"end":{"line":1,"column":3049}},"86":{"start":{"line":1,"column":3055},"end":{"line":1,"column":3056}},"87":{"start":{"line":1,"column":3057},"end":{"line":1,"column":3234}},"88":{"start":{"line":1,"column":3069},"end":{"line":1,"column":3234}},"89":{"start":{"line":1,"column":3074},"end":{"line":1,"column":3136}},"90":{"start":{"line":1,"column":3096},"end":{"line":1,"column":3108}},"91":{"start":{"line":1,"column":3122},"end":{"line":1,"column":3133}},"92":{"start":{"line":1,"column":3147},"end":{"line":1,"column":3149}},"93":{"start":{"line":1,"column":3150},"end":{"line":1,"column":3221}},"94":{"start":{"line":1,"column":3165},"end":{"line":1,"column":3221}},"95":{"start":{"line":1,"column":3221},"end":{"line":1,"column":3233}},"96":{"start":{"line":1,"column":3265},"end":{"line":1,"column":3330}},"97":{"start":{"line":1,"column":3299},"end":{"line":1,"column":3303}},"98":{"start":{"line":1,"column":3304},"end":{"line":1,"column":3329}},"99":{"start":{"line":1,"column":3331},"end":{"line":1,"column":3405}},"100":{"start":{"line":1,"column":3346},"end":{"line":1,"column":3405}},"101":{"start":{"line":1,"column":3405},"end":{"line":1,"column":3413}},"102":{"start":{"line":1,"column":3429},"end":{"line":1,"column":3431}},"103":{"start":{"line":1,"column":3434},"end":{"line":1,"column":3436}},"104":{"start":{"line":1,"column":3439},"end":{"line":1,"column":3441}},"105":{"start":{"line":1,"column":3444},"end":{"line":1,"column":3531}},"106":{"start":{"line":1,"column":3455},"end":{"line":1,"column":3530}},"107":{"start":{"line":1,"column":3532},"end":{"line":1,"column":5276}},"108":{"start":{"line":1,"column":3547},"end":{"line":1,"column":5276}},"109":{"start":{"line":1,"column":3593},"end":{"line":1,"column":3600}},"110":{"start":{"line":1,"column":3606},"end":{"line":1,"column":4326}},"111":{"start":{"line":1,"column":3625},"end":{"line":1,"column":4217}},"112":{"start":{"line":1,"column":3716},"end":{"line":1,"column":3723}},"113":{"start":{"line":1,"column":3726},"end":{"line":1,"column":3730}},"114":{"start":{"line":1,"column":3733},"end":{"line":1,"column":3740}},"115":{"start":{"line":1,"column":3741},"end":{"line":1,"column":4216}},"116":{"start":{"line":1,"column":3776},"end":{"line":1,"column":3847}},"117":{"start":{"line":1,"column":3799},"end":{"line":1,"column":3847}},"118":{"start":{"line":1,"column":3847},"end":{"line":1,"column":3907}},"119":{"start":{"line":1,"column":3862},"end":{"line":1,"column":3907}},"120":{"start":{"line":1,"column":3907},"end":{"line":1,"column":4215}},"121":{"start":{"line":1,"column":3949},"end":{"line":1,"column":3961}},"122":{"start":{"line":1,"column":3964},"end":{"line":1,"column":3968}},"123":{"start":{"line":1,"column":3969},"end":{"line":1,"column":4214}},"124":{"start":{"line":1,"column":3975},"end":{"line":1,"column":4075}},"125":{"start":{"line":1,"column":4009},"end":{"line":1,"column":4075}},"126":{"start":{"line":1,"column":4075},"end":{"line":1,"column":4213}},"127":{"start":{"line":1,"column":4217},"end":{"line":1,"column":4292}},"128":{"start":{"line":1,"column":4332},"end":{"line":1,"column":4334}},"129":{"start":{"line":1,"column":4337},"end":{"line":1,"column":4339}},"130":{"start":{"line":1,"column":4342},"end":{"line":1,"column":4344}},"131":{"start":{"line":1,"column":4347},"end":{"line":1,"column":4349}},"132":{"start":{"line":1,"column":4350},"end":{"line":1,"column":5018}},"133":{"start":{"line":1,"column":4444},"end":{"line":1,"column":4556}},"134":{"start":{"line":1,"column":4556},"end":{"line":1,"column":4562}},"135":{"start":{"line":1,"column":4577},"end":{"line":1,"column":4714}},"136":{"start":{"line":1,"column":4714},"end":{"line":1,"column":4720}},"137":{"start":{"line":1,"column":4737},"end":{"line":1,"column":4848}},"138":{"start":{"line":1,"column":4848},"end":{"line":1,"column":4854}},"139":{"start":{"line":1,"column":4869},"end":{"line":1,"column":4904}},"140":{"start":{"line":1,"column":4904},"end":{"line":1,"column":4910}},"141":{"start":{"line":1,"column":4925},"end":{"line":1,"column":4960}},"142":{"start":{"line":1,"column":4960},"end":{"line":1,"column":4966}},"143":{"start":{"line":1,"column":4974},"end":{"line":1,"column":5017}},"144":{"start":{"line":1,"column":5018},"end":{"line":1,"column":5059}},"145":{"start":{"line":1,"column":5023},"end":{"line":1,"column":5059}},"146":{"start":{"line":1,"column":5059},"end":{"line":1,"column":5246}},"147":{"start":{"line":1,"column":5065},"end":{"line":1,"column":5098}},"148":{"start":{"line":1,"column":5098},"end":{"line":1,"column":5245}},"149":{"start":{"line":1,"column":5130},"end":{"line":1,"column":5245}},"150":{"start":{"line":1,"column":5246},"end":{"line":1,"column":5275}},"151":{"start":{"line":1,"column":5282},"end":{"line":1,"column":5284}},"152":{"start":{"line":1,"column":5285},"end":{"line":1,"column":5400}},"153":{"start":{"line":1,"column":5308},"end":{"line":1,"column":5400}},"154":{"start":{"line":1,"column":5400},"end":{"line":1,"column":5466}},"155":{"start":{"line":1,"column":5448},"end":{"line":1,"column":5463}},"156":{"start":{"line":1,"column":5466},"end":{"line":1,"column":5738}},"157":{"start":{"line":1,"column":5500},"end":{"line":1,"column":5738}},"158":{"start":{"line":1,"column":5527},"end":{"line":1,"column":5529}},"159":{"start":{"line":1,"column":5532},"end":{"line":1,"column":5554}},"160":{"start":{"line":1,"column":5555},"end":{"line":1,"column":5590}},"161":{"start":{"line":1,"column":5578},"end":{"line":1,"column":5590}},"162":{"start":{"line":1,"column":5590},"end":{"line":1,"column":5737}},"163":{"start":{"line":1,"column":5664},"end":{"line":1,"column":5680}},"164":{"start":{"line":1,"column":5681},"end":{"line":1,"column":5736}},"165":{"start":{"line":1,"column":5746},"end":{"line":1,"column":5902}},"166":{"start":{"line":1,"column":5757},"end":{"line":1,"column":5902}},"167":{"start":{"line":1,"column":5812},"end":{"line":1,"column":5902}},"168":{"start":{"line":1,"column":5842},"end":{"line":1,"column":5902}},"169":{"start":{"line":1,"column":5902},"end":{"line":1,"column":5917}},"170":{"start":{"line":1,"column":5917},"end":{"line":1,"column":5983}},"171":{"start":{"line":1,"column":5928},"end":{"line":1,"column":5983}},"172":{"start":{"line":1,"column":5989},"end":{"line":1,"column":5993}},"173":{"start":{"line":1,"column":5994},"end":{"line":1,"column":6328}},"174":{"start":{"line":1,"column":6005},"end":{"line":1,"column":6328}},"175":{"start":{"line":1,"column":6051},"end":{"line":1,"column":6065}},"176":{"start":{"line":1,"column":6071},"end":{"line":1,"column":6073}},"177":{"start":{"line":1,"column":6074},"end":{"line":1,"column":6164}},"178":{"start":{"line":1,"column":6097},"end":{"line":1,"column":6164}},"179":{"start":{"line":1,"column":6164},"end":{"line":1,"column":6327}},"180":{"start":{"line":1,"column":6188},"end":{"line":1,"column":6195}},"181":{"start":{"line":1,"column":6195},"end":{"line":1,"column":6326}},"182":{"start":{"line":1,"column":6199},"end":{"line":1,"column":6203}},"183":{"start":{"line":1,"column":6213},"end":{"line":1,"column":6325}},"184":{"start":{"line":1,"column":6328},"end":{"line":1,"column":6710}},"185":{"start":{"line":1,"column":6358},"end":{"line":1,"column":6362}},"186":{"start":{"line":1,"column":6363},"end":{"line":1,"column":6380}},"187":{"start":{"line":1,"column":6380},"end":{"line":1,"column":6709}},"188":{"start":{"line":1,"column":6384},"end":{"line":1,"column":6388}},"189":{"start":{"line":1,"column":6398},"end":{"line":1,"column":6708}},"190":{"start":{"line":1,"column":6435},"end":{"line":1,"column":6604}},"191":{"start":{"line":1,"column":6439},"end":{"line":1,"column":6456}},"192":{"start":{"line":1,"column":6466},"end":{"line":1,"column":6603}},"193":{"start":{"line":1,"column":6609},"end":{"line":1,"column":6708}},"194":{"start":{"line":1,"column":6710},"end":{"line":1,"column":6791}},"195":{"start":{"line":1,"column":6784},"end":{"line":1,"column":6788}},"196":{"start":{"line":1,"column":6806},"end":{"line":1,"column":6834}},"197":{"start":{"line":1,"column":6814},"end":{"line":1,"column":6834}},"198":{"start":{"line":1,"column":6840},"end":{"line":1,"column":6908}},"199":{"start":{"line":1,"column":6909},"end":{"line":1,"column":6970}},"200":{"start":{"line":1,"column":6977},"end":{"line":1,"column":6998}},"201":{"start":{"line":1,"column":6999},"end":{"line":1,"column":7053}},"202":{"start":{"line":1,"column":7035},"end":{"line":1,"column":7051}},"203":{"start":{"line":1,"column":7067},"end":{"line":1,"column":7069}},"204":{"start":{"line":1,"column":7072},"end":{"line":1,"column":7094}},"205":{"start":{"line":1,"column":7097},"end":{"line":1,"column":7100}},"206":{"start":{"line":1,"column":7103},"end":{"line":1,"column":7105}},"207":{"start":{"line":1,"column":7108},"end":{"line":1,"column":7110}},"208":{"start":{"line":1,"column":7113},"end":{"line":1,"column":7115}},"209":{"start":{"line":1,"column":7118},"end":{"line":1,"column":7120}},"210":{"start":{"line":1,"column":7123},"end":{"line":1,"column":7129}},"211":{"start":{"line":1,"column":7132},"end":{"line":1,"column":7133}},"212":{"start":{"line":1,"column":7136},"end":{"line":1,"column":7137}},"213":{"start":{"line":1,"column":7140},"end":{"line":1,"column":7142}},"214":{"start":{"line":1,"column":7145},"end":{"line":1,"column":7147}},"215":{"start":{"line":1,"column":7150},"end":{"line":1,"column":7152}},"216":{"start":{"line":1,"column":7155},"end":{"line":1,"column":7157}},"217":{"start":{"line":1,"column":7158},"end":{"line":1,"column":7489}},"218":{"start":{"line":1,"column":7190},"end":{"line":1,"column":7264}},"219":{"start":{"line":1,"column":7288},"end":{"line":1,"column":7353}},"220":{"start":{"line":1,"column":7315},"end":{"line":1,"column":7331}},"221":{"start":{"line":1,"column":7344},"end":{"line":1,"column":7352}},"222":{"start":{"line":1,"column":7354},"end":{"line":1,"column":7375}},"223":{"start":{"line":1,"column":7395},"end":{"line":1,"column":7443}},"224":{"start":{"line":1,"column":7468},"end":{"line":1,"column":7476}},"225":{"start":{"line":1,"column":7535},"end":{"line":1,"column":7569}},"226":{"start":{"line":1,"column":7584},"end":{"line":1,"column":7624}},"227":{"start":{"line":1,"column":7639},"end":{"line":1,"column":7696}},"228":{"start":{"line":1,"column":7711},"end":{"line":1,"column":7835}},"229":{"start":{"line":1,"column":7850},"end":{"line":1,"column":7874}},"230":{"start":{"line":1,"column":7889},"end":{"line":1,"column":7913}},"231":{"start":{"line":1,"column":7928},"end":{"line":1,"column":7945}},"232":{"start":{"line":1,"column":7960},"end":{"line":1,"column":7995}},"233":{"start":{"line":1,"column":8010},"end":{"line":1,"column":8043}},"234":{"start":{"line":1,"column":8058},"end":{"line":1,"column":8091}},"235":{"start":{"line":1,"column":8106},"end":{"line":1,"column":8139}},"236":{"start":{"line":1,"column":8154},"end":{"line":1,"column":8191}},"237":{"start":{"line":1,"column":8206},"end":{"line":1,"column":8228}},"238":{"start":{"line":1,"column":8243},"end":{"line":1,"column":8314}},"239":{"start":{"line":1,"column":8329},"end":{"line":1,"column":8375}},"240":{"start":{"line":1,"column":8389},"end":{"line":1,"column":8521}},"241":{"start":{"line":1,"column":8538},"end":{"line":1,"column":8735}},"242":{"start":{"line":1,"column":8562},"end":{"line":1,"column":8735}},"243":{"start":{"line":1,"column":8598},"end":{"line":1,"column":8651}},"244":{"start":{"line":1,"column":8629},"end":{"line":1,"column":8651}},"245":{"start":{"line":1,"column":8656},"end":{"line":1,"column":8735}},"246":{"start":{"line":1,"column":8671},"end":{"line":1,"column":8735}},"247":{"start":{"line":1,"column":8765},"end":{"line":1,"column":8828}},"248":{"start":{"line":1,"column":8829},"end":{"line":1,"column":8891}},"249":{"start":{"line":1,"column":8873},"end":{"line":1,"column":8891}},"250":{"start":{"line":1,"column":8891},"end":{"line":1,"column":8899}},"251":{"start":{"line":1,"column":8918},"end":{"line":1,"column":8984}},"252":{"start":{"line":1,"column":8943},"end":{"line":1,"column":8980}},"253":{"start":{"line":1,"column":8991},"end":{"line":1,"column":8995}},"254":{"start":{"line":1,"column":8998},"end":{"line":1,"column":9003}},"255":{"start":{"line":1,"column":9006},"end":{"line":1,"column":9031}},"256":{"start":{"line":1,"column":9032},"end":{"line":1,"column":9288}},"257":{"start":{"line":1,"column":9319},"end":{"line":1,"column":9334}},"258":{"start":{"line":1,"column":9365},"end":{"line":1,"column":10457}},"259":{"start":{"line":1,"column":9394},"end":{"line":1,"column":9468}},"260":{"start":{"line":1,"column":9475},"end":{"line":1,"column":9479}},"261":{"start":{"line":1,"column":9482},"end":{"line":1,"column":9487}},"262":{"start":{"line":1,"column":9490},"end":{"line":1,"column":9542}},"263":{"start":{"line":1,"column":9545},"end":{"line":1,"column":10230}},"264":{"start":{"line":1,"column":9571},"end":{"line":1,"column":9641}},"265":{"start":{"line":1,"column":9677},"end":{"line":1,"column":9996}},"266":{"start":{"line":1,"column":10030},"end":{"line":1,"column":10082}},"267":{"start":{"line":1,"column":10052},"end":{"line":1,"column":10082}},"268":{"start":{"line":1,"column":10056},"end":{"line":1,"column":10071}},"269":{"start":{"line":1,"column":10082},"end":{"line":1,"column":10090}},"270":{"start":{"line":1,"column":10208},"end":{"line":1,"column":10228}},"271":{"start":{"line":1,"column":10231},"end":{"line":1,"column":10441}},"272":{"start":{"line":1,"column":10341},"end":{"line":1,"column":10356}},"273":{"start":{"line":1,"column":10404},"end":{"line":1,"column":10427}},"274":{"start":{"line":1,"column":10502},"end":{"line":1,"column":10603}},"275":{"start":{"line":1,"column":10526},"end":{"line":1,"column":10603}},"276":{"start":{"line":1,"column":10603},"end":{"line":1,"column":10619}},"277":{"start":{"line":6,"column":6},"end":{"line":6,"column":34}},"278":{"start":{"line":6,"column":37},"end":{"line":6,"column":68}},"279":{"start":{"line":6,"column":71},"end":{"line":6,"column":108}},"280":{"start":{"line":6,"column":109},"end":{"line":6,"column":788}},"281":{"start":{"line":6,"column":130},"end":{"line":6,"column":562}},"282":{"start":{"line":6,"column":134},"end":{"line":6,"column":161}},"283":{"start":{"line":6,"column":152},"end":{"line":6,"column":161}},"284":{"start":{"line":6,"column":167},"end":{"line":6,"column":184}},"285":{"start":{"line":6,"column":185},"end":{"line":6,"column":246}},"286":{"start":{"line":6,"column":237},"end":{"line":6,"column":246}},"287":{"start":{"line":6,"column":246},"end":{"line":6,"column":304}},"288":{"start":{"line":6,"column":272},"end":{"line":6,"column":304}},"289":{"start":{"line":6,"column":304},"end":{"line":6,"column":400}},"290":{"start":{"line":6,"column":368},"end":{"line":6,"column":379}},"291":{"start":{"line":6,"column":391},"end":{"line":6,"column":400}},"292":{"start":{"line":6,"column":406},"end":{"line":6,"column":408}},"293":{"start":{"line":6,"column":409},"end":{"line":6,"column":543}},"294":{"start":{"line":6,"column":468},"end":{"line":6,"column":474}},"295":{"start":{"line":6,"column":553},"end":{"line":6,"column":561}},"296":{"start":{"line":6,"column":594},"end":{"line":6,"column":779}},"297":{"start":{"line":6,"column":641},"end":{"line":6,"column":664}},"298":{"start":{"line":6,"column":664},"end":{"line":6,"column":704}},"299":{"start":{"line":6,"column":679},"end":{"line":6,"column":704}},"300":{"start":{"line":6,"column":704},"end":{"line":6,"column":778}},"301":{"start":{"line":6,"column":710},"end":{"line":6,"column":717}},"302":{"start":{"line":6,"column":717},"end":{"line":6,"column":777}},"303":{"start":{"line":6,"column":744},"end":{"line":6,"column":777}},"304":{"start":{"line":6,"column":779},"end":{"line":6,"column":787}},"305":{"start":{"line":6,"column":819},"end":{"line":6,"column":957}},"306":{"start":{"line":6,"column":843},"end":{"line":6,"column":956}},"307":{"start":{"line":6,"column":861},"end":{"line":6,"column":936}},"308":{"start":{"line":6,"column":918},"end":{"line":6,"column":936}},"309":{"start":{"line":6,"column":936},"end":{"line":6,"column":955}},"310":{"start":{"line":6,"column":994},"end":{"line":6,"column":998}},"311":{"start":{"line":6,"column":1001},"end":{"line":6,"column":1006}},"312":{"start":{"line":6,"column":1009},"end":{"line":6,"column":1014}},"313":{"start":{"line":6,"column":1017},"end":{"line":6,"column":1022}},"314":{"start":{"line":6,"column":1025},"end":{"line":6,"column":1030}},"315":{"start":{"line":6,"column":1033},"end":{"line":6,"column":1037}},"316":{"start":{"line":6,"column":1040},"end":{"line":6,"column":1112}},"317":{"start":{"line":6,"column":1113},"end":{"line":6,"column":2941}},"318":{"start":{"line":6,"column":1135},"end":{"line":6,"column":2940}},"319":{"start":{"line":6,"column":1174},"end":{"line":6,"column":1180}},"320":{"start":{"line":6,"column":1183},"end":{"line":6,"column":1192}},"321":{"start":{"line":6,"column":1193},"end":{"line":6,"column":1235}},"322":{"start":{"line":6,"column":1241},"end":{"line":6,"column":1259}},"323":{"start":{"line":6,"column":1262},"end":{"line":6,"column":1282}},"324":{"start":{"line":6,"column":1285},"end":{"line":6,"column":1287}},"325":{"start":{"line":6,"column":1288},"end":{"line":6,"column":1565}},"326":{"start":{"line":6,"column":1487},"end":{"line":6,"column":1506}},"327":{"start":{"line":6,"column":1509},"end":{"line":6,"column":1528}},"328":{"start":{"line":6,"column":1529},"end":{"line":6,"column":1564}},"329":{"start":{"line":6,"column":1565},"end":{"line":6,"column":2355}},"330":{"start":{"line":6,"column":1675},"end":{"line":6,"column":2052}},"331":{"start":{"line":6,"column":1777},"end":{"line":6,"column":1838}},"332":{"start":{"line":6,"column":1841},"end":{"line":6,"column":1906}},"333":{"start":{"line":6,"column":1909},"end":{"line":6,"column":2035}},"334":{"start":{"line":6,"column":2036},"end":{"line":6,"column":2051}},"335":{"start":{"line":6,"column":2075},"end":{"line":6,"column":2112}},"336":{"start":{"line":6,"column":2137},"end":{"line":6,"column":2206}},"337":{"start":{"line":6,"column":2240},"end":{"line":6,"column":2245}},"338":{"start":{"line":6,"column":2248},"end":{"line":6,"column":2327}},"339":{"start":{"line":6,"column":2328},"end":{"line":6,"column":2354}},"340":{"start":{"line":6,"column":2355},"end":{"line":6,"column":2626}},"341":{"start":{"line":6,"column":2408},"end":{"line":6,"column":2488}},"342":{"start":{"line":6,"column":2548},"end":{"line":6,"column":2626}},"343":{"start":{"line":6,"column":2552},"end":{"line":6,"column":2581}},"344":{"start":{"line":6,"column":2591},"end":{"line":6,"column":2625}},"345":{"start":{"line":6,"column":2618},"end":{"line":6,"column":2625}},"346":{"start":{"line":6,"column":2626},"end":{"line":6,"column":2938}},"347":{"start":{"line":6,"column":2879},"end":{"line":6,"column":2905}},"348":{"start":{"line":6,"column":2978},"end":{"line":6,"column":2983}},"349":{"start":{"line":6,"column":2984},"end":{"line":6,"column":3053}},"350":{"start":{"line":6,"column":3020},"end":{"line":6,"column":3032}},"351":{"start":{"line":6,"column":3033},"end":{"line":6,"column":3052}},"352":{"start":{"line":6,"column":3084},"end":{"line":6,"column":3133}},"353":{"start":{"line":6,"column":3106},"end":{"line":6,"column":3132}},"354":{"start":{"line":6,"column":3178},"end":{"line":6,"column":3192}},"355":{"start":{"line":6,"column":3193},"end":{"line":6,"column":3314}},"356":{"start":{"line":6,"column":3225},"end":{"line":6,"column":3275}},"357":{"start":{"line":6,"column":3359},"end":{"line":6,"column":3395}},"358":{"start":{"line":6,"column":3412},"end":{"line":6,"column":3489}},"359":{"start":{"line":6,"column":3433},"end":{"line":6,"column":3489}},"360":{"start":{"line":6,"column":3506},"end":{"line":6,"column":3598}},"361":{"start":{"line":6,"column":3512},"end":{"line":6,"column":3598}},"362":{"start":{"line":6,"column":3598},"end":{"line":6,"column":3652}},"363":{"start":{"line":6,"column":3669},"end":{"line":6,"column":3792}},"364":{"start":{"line":6,"column":3703},"end":{"line":6,"column":3792}},"365":{"start":{"line":6,"column":3792},"end":{"line":6,"column":3967}},"366":{"start":{"line":6,"column":3974},"end":{"line":6,"column":4216}},"367":{"start":{"line":6,"column":4001},"end":{"line":6,"column":4150}},"368":{"start":{"line":6,"column":4035},"end":{"line":6,"column":4039}},"369":{"start":{"line":6,"column":4040},"end":{"line":6,"column":4149}},"370":{"start":{"line":6,"column":4151},"end":{"line":6,"column":4213}},"371":{"start":{"line":6,"column":4174},"end":{"line":6,"column":4212}},"372":{"start":{"line":6,"column":4219},"end":{"line":6,"column":4223}},"373":{"start":{"line":6,"column":4226},"end":{"line":6,"column":4230}},"374":{"start":{"line":6,"column":4233},"end":{"line":6,"column":4238}},"375":{"start":{"line":6,"column":4241},"end":{"line":6,"column":4245}},"376":{"start":{"line":6,"column":4248},"end":{"line":6,"column":4253}},"377":{"start":{"line":6,"column":4256},"end":{"line":6,"column":4260}},"378":{"start":{"line":6,"column":4263},"end":{"line":6,"column":4499}},"379":{"start":{"line":6,"column":4288},"end":{"line":6,"column":4374}},"380":{"start":{"line":6,"column":4375},"end":{"line":6,"column":4477}},"381":{"start":{"line":6,"column":4425},"end":{"line":6,"column":4471}},"382":{"start":{"line":6,"column":4500},"end":{"line":6,"column":4580}},"383":{"start":{"line":6,"column":4639},"end":{"line":6,"column":4940}},"384":{"start":{"line":6,"column":4646},"end":{"line":6,"column":4916}},"385":{"start":{"line":6,"column":4669},"end":{"line":6,"column":4806}},"386":{"start":{"line":6,"column":4817},"end":{"line":6,"column":4830}},"387":{"start":{"line":6,"column":4833},"end":{"line":6,"column":4834}},"388":{"start":{"line":6,"column":4835},"end":{"line":6,"column":4915}},"389":{"start":{"line":6,"column":4870},"end":{"line":6,"column":4883}},"390":{"start":{"line":6,"column":4916},"end":{"line":6,"column":4939}},"391":{"start":{"line":6,"column":4955},"end":{"line":6,"column":5106}},"392":{"start":{"line":6,"column":5057},"end":{"line":6,"column":5106}},"393":{"start":{"line":6,"column":5106},"end":{"line":6,"column":5264}},"394":{"start":{"line":6,"column":5283},"end":{"line":6,"column":5340}},"395":{"start":{"line":6,"column":5373},"end":{"line":6,"column":5430}},"396":{"start":{"line":6,"column":5455},"end":{"line":6,"column":5461}},"397":{"start":{"line":6,"column":5464},"end":{"line":6,"column":5466}},"398":{"start":{"line":6,"column":5469},"end":{"line":6,"column":5473}},"399":{"start":{"line":6,"column":5476},"end":{"line":6,"column":5480}},"400":{"start":{"line":6,"column":5481},"end":{"line":6,"column":5605}},"401":{"start":{"line":6,"column":5492},"end":{"line":6,"column":5605}},"402":{"start":{"line":6,"column":5558},"end":{"line":6,"column":5605}},"403":{"start":{"line":6,"column":5611},"end":{"line":6,"column":5629}},"404":{"start":{"line":6,"column":5630},"end":{"line":6,"column":5729}},"405":{"start":{"line":6,"column":5639},"end":{"line":6,"column":5652}},"406":{"start":{"line":6,"column":5657},"end":{"line":6,"column":5729}},"407":{"start":{"line":6,"column":5665},"end":{"line":6,"column":5716}},"408":{"start":{"line":6,"column":5696},"end":{"line":6,"column":5716}},"409":{"start":{"line":6,"column":5716},"end":{"line":6,"column":5728}},"410":{"start":{"line":6,"column":5729},"end":{"line":6,"column":5803}},"411":{"start":{"line":6,"column":5750},"end":{"line":6,"column":5803}},"412":{"start":{"line":6,"column":5776},"end":{"line":6,"column":5803}},"413":{"start":{"line":6,"column":5803},"end":{"line":6,"column":5865}},"414":{"start":{"line":6,"column":5882},"end":{"line":6,"column":5958}},"415":{"start":{"line":6,"column":5973},"end":{"line":6,"column":6023}},"416":{"start":{"line":6,"column":6044},"end":{"line":6,"column":6063}},"417":{"start":{"line":6,"column":6064},"end":{"line":6,"column":6122}},"418":{"start":{"line":6,"column":6109},"end":{"line":6,"column":6120}},"419":{"start":{"line":6,"column":6143},"end":{"line":6,"column":6235}},"420":{"start":{"line":6,"column":6162},"end":{"line":6,"column":6169}},"421":{"start":{"line":6,"column":6170},"end":{"line":6,"column":6234}},"422":{"start":{"line":6,"column":6235},"end":{"line":6,"column":6288}},"423":{"start":{"line":6,"column":6303},"end":{"line":6,"column":6393}},"424":{"start":{"line":6,"column":6420},"end":{"line":6,"column":6428}},"425":{"start":{"line":6,"column":6429},"end":{"line":6,"column":6470}},"426":{"start":{"line":6,"column":6476},"end":{"line":6,"column":6478}},"427":{"start":{"line":6,"column":6479},"end":{"line":6,"column":6600}},"428":{"start":{"line":6,"column":6491},"end":{"line":6,"column":6496}},"429":{"start":{"line":6,"column":6501},"end":{"line":6,"column":6600}},"430":{"start":{"line":6,"column":6537},"end":{"line":6,"column":6542}},"431":{"start":{"line":6,"column":6542},"end":{"line":6,"column":6548}},"432":{"start":{"line":6,"column":6561},"end":{"line":6,"column":6599}},"433":{"start":{"line":6,"column":6594},"end":{"line":6,"column":6598}},"434":{"start":{"line":6,"column":6600},"end":{"line":6,"column":6641}},"435":{"start":{"line":6,"column":6605},"end":{"line":6,"column":6641}},"436":{"start":{"line":6,"column":6641},"end":{"line":6,"column":7062}},"437":{"start":{"line":6,"column":6684},"end":{"line":6,"column":6748}},"438":{"start":{"line":6,"column":6712},"end":{"line":6,"column":6719}},"439":{"start":{"line":6,"column":6725},"end":{"line":6,"column":6733}},"440":{"start":{"line":6,"column":6734},"end":{"line":6,"column":6747}},"441":{"start":{"line":6,"column":6753},"end":{"line":6,"column":7062}},"442":{"start":{"line":6,"column":6872},"end":{"line":6,"column":6949}},"443":{"start":{"line":6,"column":6912},"end":{"line":6,"column":6949}},"444":{"start":{"line":6,"column":6953},"end":{"line":6,"column":7062}},"445":{"start":{"line":6,"column":7062},"end":{"line":6,"column":7070}},"446":{"start":{"line":6,"column":7089},"end":{"line":6,"column":7117}},"447":{"start":{"line":6,"column":7134},"end":{"line":6,"column":7205}},"448":{"start":{"line":6,"column":7222},"end":{"line":6,"column":7256}},"449":{"start":{"line":6,"column":7281},"end":{"line":6,"column":7289}},"450":{"start":{"line":6,"column":7292},"end":{"line":6,"column":7303}},"451":{"start":{"line":6,"column":7304},"end":{"line":6,"column":7490}},"452":{"start":{"line":6,"column":7378},"end":{"line":6,"column":7386}},"453":{"start":{"line":6,"column":7519},"end":{"line":6,"column":7521}},"454":{"start":{"line":6,"column":7522},"end":{"line":6,"column":7589}},"455":{"start":{"line":6,"column":7612},"end":{"line":6,"column":7631}},"456":{"start":{"line":6,"column":7632},"end":{"line":6,"column":7676}},"457":{"start":{"line":14,"column":6},"end":{"line":14,"column":10}},"458":{"start":{"line":14,"column":13},"end":{"line":14,"column":50}},"459":{"start":{"line":14,"column":53},"end":{"line":14,"column":88}},"460":{"start":{"line":14,"column":91},"end":{"line":14,"column":125}},"461":{"start":{"line":14,"column":128},"end":{"line":14,"column":164}},"462":{"start":{"line":14,"column":167},"end":{"line":14,"column":206}},"463":{"start":{"line":14,"column":209},"end":{"line":14,"column":245}},"464":{"start":{"line":14,"column":248},"end":{"line":14,"column":284}},"465":{"start":{"line":14,"column":287},"end":{"line":14,"column":322}},"466":{"start":{"line":14,"column":325},"end":{"line":14,"column":363}},"467":{"start":{"line":14,"column":366},"end":{"line":14,"column":405}},"468":{"start":{"line":14,"column":406},"end":{"line":14,"column":441}},"469":{"start":{"line":14,"column":447},"end":{"line":14,"column":489}},"470":{"start":{"line":14,"column":492},"end":{"line":14,"column":618}},"471":{"start":{"line":14,"column":514},"end":{"line":14,"column":522}},"472":{"start":{"line":14,"column":621},"end":{"line":14,"column":623}},"473":{"start":{"line":14,"column":624},"end":{"line":14,"column":916}},"474":{"start":{"line":14,"column":691},"end":{"line":14,"column":799}},"475":{"start":{"line":14,"column":837},"end":{"line":14,"column":890}},"476":{"start":{"line":14,"column":922},"end":{"line":14,"column":939}},"477":{"start":{"line":14,"column":940},"end":{"line":14,"column":999}},"478":{"start":{"line":14,"column":1005},"end":{"line":14,"column":1042}},"479":{"start":{"line":14,"column":1045},"end":{"line":14,"column":1076}},"480":{"start":{"line":14,"column":1079},"end":{"line":14,"column":1116}},"481":{"start":{"line":14,"column":1119},"end":{"line":14,"column":1125}},"482":{"start":{"line":14,"column":1128},"end":{"line":14,"column":1130}},"483":{"start":{"line":14,"column":1133},"end":{"line":14,"column":2651}},"484":{"start":{"line":14,"column":1164},"end":{"line":14,"column":1184}},"485":{"start":{"line":14,"column":1175},"end":{"line":14,"column":1184}},"486":{"start":{"line":14,"column":1190},"end":{"line":14,"column":1192}},"487":{"start":{"line":14,"column":1193},"end":{"line":14,"column":1217}},"488":{"start":{"line":14,"column":1243},"end":{"line":14,"column":1263}},"489":{"start":{"line":14,"column":1254},"end":{"line":14,"column":1263}},"490":{"start":{"line":14,"column":1263},"end":{"line":14,"column":1295}},"491":{"start":{"line":14,"column":1315},"end":{"line":14,"column":1355}},"492":{"start":{"line":14,"column":1337},"end":{"line":14,"column":1348}},"493":{"start":{"line":14,"column":1383},"end":{"line":14,"column":1385}},"494":{"start":{"line":14,"column":1386},"end":{"line":14,"column":1428}},"495":{"start":{"line":14,"column":1416},"end":{"line":14,"column":1424}},"496":{"start":{"line":14,"column":1447},"end":{"line":14,"column":1470}},"497":{"start":{"line":14,"column":1494},"end":{"line":14,"column":1514}},"498":{"start":{"line":14,"column":1572},"end":{"line":14,"column":1799}},"499":{"start":{"line":14,"column":1824},"end":{"line":14,"column":1851}},"500":{"start":{"line":14,"column":1963},"end":{"line":14,"column":1998}},"501":{"start":{"line":14,"column":2004},"end":{"line":14,"column":2010}},"502":{"start":{"line":14,"column":2013},"end":{"line":14,"column":2026}},"503":{"start":{"line":14,"column":2029},"end":{"line":14,"column":2034}},"504":{"start":{"line":14,"column":2037},"end":{"line":14,"column":2042}},"505":{"start":{"line":14,"column":2045},"end":{"line":14,"column":2053}},"506":{"start":{"line":14,"column":2054},"end":{"line":14,"column":2288}},"507":{"start":{"line":14,"column":2066},"end":{"line":14,"column":2133}},"508":{"start":{"line":14,"column":2139},"end":{"line":14,"column":2145}},"509":{"start":{"line":14,"column":2146},"end":{"line":14,"column":2199}},"510":{"start":{"line":14,"column":2199},"end":{"line":14,"column":2287}},"511":{"start":{"line":14,"column":2210},"end":{"line":14,"column":2287}},"512":{"start":{"line":14,"column":2288},"end":{"line":14,"column":2408}},"513":{"start":{"line":14,"column":2318},"end":{"line":14,"column":2331}},"514":{"start":{"line":14,"column":2336},"end":{"line":14,"column":2408}},"515":{"start":{"line":14,"column":2344},"end":{"line":14,"column":2355}},"516":{"start":{"line":14,"column":2355},"end":{"line":14,"column":2395}},"517":{"start":{"line":14,"column":2375},"end":{"line":14,"column":2395}},"518":{"start":{"line":14,"column":2395},"end":{"line":14,"column":2407}},"519":{"start":{"line":14,"column":2408},"end":{"line":14,"column":2467}},"520":{"start":{"line":14,"column":2501},"end":{"line":14,"column":2515}},"521":{"start":{"line":14,"column":2516},"end":{"line":14,"column":2533}},"522":{"start":{"line":14,"column":2654},"end":{"line":14,"column":2665}},"523":{"start":{"line":14,"column":2668},"end":{"line":14,"column":2675}},"524":{"start":{"line":14,"column":2676},"end":{"line":14,"column":2698}},"525":{"start":{"line":14,"column":2742},"end":{"line":14,"column":2929}},"526":{"start":{"line":14,"column":2856},"end":{"line":14,"column":2929}},"527":{"start":{"line":14,"column":2860},"end":{"line":14,"column":2902}},"528":{"start":{"line":14,"column":2912},"end":{"line":14,"column":2928}},"529":{"start":{"line":14,"column":2930},"end":{"line":14,"column":2949}},"530":{"start":{"line":14,"column":3008},"end":{"line":14,"column":3309}},"531":{"start":{"line":14,"column":3015},"end":{"line":14,"column":3285}},"532":{"start":{"line":14,"column":3038},"end":{"line":14,"column":3175}},"533":{"start":{"line":14,"column":3186},"end":{"line":14,"column":3199}},"534":{"start":{"line":14,"column":3202},"end":{"line":14,"column":3203}},"535":{"start":{"line":14,"column":3204},"end":{"line":14,"column":3284}},"536":{"start":{"line":14,"column":3239},"end":{"line":14,"column":3252}},"537":{"start":{"line":14,"column":3285},"end":{"line":14,"column":3308}},"538":{"start":{"line":14,"column":3324},"end":{"line":14,"column":3475}},"539":{"start":{"line":14,"column":3426},"end":{"line":14,"column":3475}},"540":{"start":{"line":14,"column":3475},"end":{"line":14,"column":3633}},"541":{"start":{"line":14,"column":3670},"end":{"line":14,"column":3709}},"542":{"start":{"line":14,"column":3710},"end":{"line":14,"column":3752}},"543":{"start":{"line":14,"column":3714},"end":{"line":14,"column":3726}},"544":{"start":{"line":14,"column":3736},"end":{"line":14,"column":3751}},"545":{"start":{"line":14,"column":3783},"end":{"line":14,"column":3818}},"546":{"start":{"line":14,"column":3849},"end":{"line":14,"column":3950}},"547":{"start":{"line":14,"column":3880},"end":{"line":14,"column":3933}},"548":{"start":{"line":14,"column":3893},"end":{"line":14,"column":3895}},"549":{"start":{"line":14,"column":3896},"end":{"line":14,"column":3909}},"550":{"start":{"line":14,"column":3915},"end":{"line":14,"column":3933}},"551":{"start":{"line":14,"column":3933},"end":{"line":14,"column":3949}},"552":{"start":{"line":14,"column":3964},"end":{"line":14,"column":4342}},"553":{"start":{"line":14,"column":3970},"end":{"line":14,"column":4342}},"554":{"start":{"line":14,"column":3993},"end":{"line":14,"column":3998}},"555":{"start":{"line":14,"column":4001},"end":{"line":14,"column":4014}},"556":{"start":{"line":14,"column":4015},"end":{"line":14,"column":4341}},"557":{"start":{"line":14,"column":4042},"end":{"line":14,"column":4092}},"558":{"start":{"line":14,"column":4092},"end":{"line":14,"column":4340}},"559":{"start":{"line":14,"column":4114},"end":{"line":14,"column":4120}},"560":{"start":{"line":14,"column":4123},"end":{"line":14,"column":4127}},"561":{"start":{"line":14,"column":4130},"end":{"line":14,"column":4131}},"562":{"start":{"line":14,"column":4134},"end":{"line":14,"column":4135}},"563":{"start":{"line":14,"column":4136},"end":{"line":14,"column":4176}},"564":{"start":{"line":14,"column":4182},"end":{"line":14,"column":4207}},"565":{"start":{"line":14,"column":4208},"end":{"line":14,"column":4325}},"566":{"start":{"line":14,"column":4214},"end":{"line":14,"column":4258}},"567":{"start":{"line":14,"column":4225},"end":{"line":14,"column":4258}},"568":{"start":{"line":14,"column":4258},"end":{"line":14,"column":4262}},"569":{"start":{"line":14,"column":4268},"end":{"line":14,"column":4325}},"570":{"start":{"line":14,"column":4325},"end":{"line":14,"column":4339}},"571":{"start":{"line":14,"column":4361},"end":{"line":14,"column":4421}},"572":{"start":{"line":14,"column":4442},"end":{"line":14,"column":4526}},"573":{"start":{"line":14,"column":4543},"end":{"line":14,"column":4683}},"574":{"start":{"line":14,"column":4702},"end":{"line":14,"column":4748}},"575":{"start":{"line":14,"column":4765},"end":{"line":14,"column":5026}},"576":{"start":{"line":14,"column":4777},"end":{"line":14,"column":4797}},"577":{"start":{"line":14,"column":4800},"end":{"line":14,"column":4820}},"578":{"start":{"line":14,"column":4821},"end":{"line":14,"column":4931}},"579":{"start":{"line":14,"column":4841},"end":{"line":14,"column":4912}},"580":{"start":{"line":14,"column":4895},"end":{"line":14,"column":4912}},"581":{"start":{"line":14,"column":4917},"end":{"line":14,"column":4931}},"582":{"start":{"line":14,"column":4931},"end":{"line":14,"column":5025}},"583":{"start":{"line":14,"column":5041},"end":{"line":14,"column":5055}},"584":{"start":{"line":14,"column":5070},"end":{"line":14,"column":5084}},"585":{"start":{"line":14,"column":5107},"end":{"line":14,"column":5118}},"586":{"start":{"line":14,"column":5119},"end":{"line":14,"column":5137}},"587":{"start":{"line":14,"column":5125},"end":{"line":14,"column":5137}},"588":{"start":{"line":14,"column":5143},"end":{"line":14,"column":5148}},"589":{"start":{"line":14,"column":5149},"end":{"line":14,"column":5167}},"590":{"start":{"line":14,"column":5155},"end":{"line":14,"column":5167}},"591":{"start":{"line":14,"column":5167},"end":{"line":14,"column":5174}},"592":{"start":{"line":14,"column":5174},"end":{"line":14,"column":5508}},"593":{"start":{"line":14,"column":5176},"end":{"line":14,"column":5508}},"594":{"start":{"line":14,"column":5393},"end":{"line":14,"column":5487}},"595":{"start":{"line":14,"column":5487},"end":{"line":14,"column":5495}},"596":{"start":{"line":14,"column":5503},"end":{"line":14,"column":5507}},"597":{"start":{"line":14,"column":5508},"end":{"line":14,"column":5570}},"598":{"start":{"line":14,"column":5587},"end":{"line":14,"column":5688}},"599":{"start":{"line":14,"column":5662},"end":{"line":14,"column":5688}},"600":{"start":{"line":14,"column":5703},"end":{"line":14,"column":5725}},"601":{"start":{"line":14,"column":5712},"end":{"line":14,"column":5725}},"602":{"start":{"line":14,"column":5725},"end":{"line":14,"column":5783}},"603":{"start":{"line":14,"column":5739},"end":{"line":14,"column":5768}},"604":{"start":{"line":14,"column":5756},"end":{"line":14,"column":5768}},"605":{"start":{"line":14,"column":5768},"end":{"line":14,"column":5782}},"606":{"start":{"line":14,"column":5783},"end":{"line":14,"column":5825}},"607":{"start":{"line":14,"column":5840},"end":{"line":14,"column":5886}},"608":{"start":{"line":14,"column":5901},"end":{"line":14,"column":5944}},"609":{"start":{"line":14,"column":5925},"end":{"line":14,"column":5944}},"610":{"start":{"line":14,"column":5944},"end":{"line":14,"column":5951}},"611":{"start":{"line":14,"column":5966},"end":{"line":14,"column":5984}},"612":{"start":{"line":14,"column":5999},"end":{"line":14,"column":6033}},"613":{"start":{"line":14,"column":6002},"end":{"line":14,"column":6012}},"614":{"start":{"line":14,"column":6033},"end":{"line":14,"column":6047}},"615":{"start":{"line":14,"column":6066},"end":{"line":14,"column":6215}},"616":{"start":{"line":14,"column":6230},"end":{"line":14,"column":6413}},"617":{"start":{"line":14,"column":6278},"end":{"line":14,"column":6327}},"618":{"start":{"line":14,"column":6310},"end":{"line":14,"column":6327}},"619":{"start":{"line":14,"column":6327},"end":{"line":14,"column":6370}},"620":{"start":{"line":14,"column":6349},"end":{"line":14,"column":6370}},"621":{"start":{"line":14,"column":6370},"end":{"line":14,"column":6412}},"622":{"start":{"line":14,"column":6393},"end":{"line":14,"column":6412}},"623":{"start":{"line":14,"column":6432},"end":{"line":14,"column":6612}},"624":{"start":{"line":14,"column":6627},"end":{"line":14,"column":6688}},"625":{"start":{"line":14,"column":6703},"end":{"line":14,"column":6709}},"626":{"start":{"line":14,"column":6732},"end":{"line":14,"column":6734}},"627":{"start":{"line":14,"column":6735},"end":{"line":14,"column":6822}},"628":{"start":{"line":14,"column":6837},"end":{"line":14,"column":6859}},"629":{"start":{"line":14,"column":6846},"end":{"line":14,"column":6859}},"630":{"start":{"line":14,"column":6859},"end":{"line":14,"column":6878}},"631":{"start":{"line":14,"column":6869},"end":{"line":14,"column":6878}},"632":{"start":{"line":14,"column":6886},"end":{"line":14,"column":6891}},"633":{"start":{"line":14,"column":6892},"end":{"line":14,"column":6953}},"634":{"start":{"line":14,"column":6903},"end":{"line":14,"column":6953}},"635":{"start":{"line":14,"column":6935},"end":{"line":14,"column":6953}},"636":{"start":{"line":14,"column":6953},"end":{"line":14,"column":6961}},"637":{"start":{"line":14,"column":6975},"end":{"line":14,"column":6991}},"638":{"start":{"line":14,"column":6981},"end":{"line":14,"column":6991}},"639":{"start":{"line":14,"column":7001},"end":{"line":14,"column":7003}},"640":{"start":{"line":14,"column":7006},"end":{"line":14,"column":7014}},"641":{"start":{"line":14,"column":7017},"end":{"line":14,"column":7053}},"642":{"start":{"line":14,"column":7056},"end":{"line":14,"column":7064}},"643":{"start":{"line":14,"column":7065},"end":{"line":14,"column":7095}},"644":{"start":{"line":14,"column":7101},"end":{"line":14,"column":7104}},"645":{"start":{"line":14,"column":7105},"end":{"line":14,"column":7140}},"646":{"start":{"line":14,"column":7140},"end":{"line":14,"column":7175}},"647":{"start":{"line":14,"column":7189},"end":{"line":14,"column":7197}},"648":{"start":{"line":14,"column":7211},"end":{"line":14,"column":7219}},"649":{"start":{"line":14,"column":7240},"end":{"line":14,"column":7329}},"650":{"start":{"line":14,"column":7329},"end":{"line":14,"column":7429}},"651":{"start":{"line":14,"column":7344},"end":{"line":14,"column":7429}},"652":{"start":{"line":14,"column":7429},"end":{"line":14,"column":7561}},"653":{"start":{"line":14,"column":7582},"end":{"line":14,"column":7665}},"654":{"start":{"line":14,"column":7614},"end":{"line":14,"column":7634}},"655":{"start":{"line":14,"column":7635},"end":{"line":14,"column":7664}},"656":{"start":{"line":14,"column":7665},"end":{"line":14,"column":7689}},"657":{"start":{"line":14,"column":7704},"end":{"line":14,"column":7795}},"658":{"start":{"line":14,"column":7810},"end":{"line":14,"column":7850}},"659":{"start":{"line":14,"column":7867},"end":{"line":14,"column":8027}},"660":{"start":{"line":14,"column":7889},"end":{"line":14,"column":7922}},"661":{"start":{"line":14,"column":7936},"end":{"line":14,"column":7959}},"662":{"start":{"line":14,"column":8001},"end":{"line":14,"column":8010}},"663":{"start":{"line":14,"column":8018},"end":{"line":14,"column":8026}},"664":{"start":{"line":14,"column":8042},"end":{"line":14,"column":8102}},"665":{"start":{"line":14,"column":8119},"end":{"line":14,"column":8283}},"666":{"start":{"line":14,"column":8150},"end":{"line":14,"column":8162}},"667":{"start":{"line":14,"column":8177},"end":{"line":14,"column":8213}},"668":{"start":{"line":14,"column":8229},"end":{"line":14,"column":8263}},"669":{"start":{"line":14,"column":8271},"end":{"line":14,"column":8282}},"670":{"start":{"line":14,"column":8300},"end":{"line":14,"column":8381}},"671":{"start":{"line":14,"column":8306},"end":{"line":14,"column":8381}},"672":{"start":{"line":14,"column":8381},"end":{"line":14,"column":8669}},"673":{"start":{"line":14,"column":8403},"end":{"line":14,"column":8415}},"674":{"start":{"line":14,"column":8430},"end":{"line":14,"column":8577}},"675":{"start":{"line":14,"column":8489},"end":{"line":14,"column":8530}},"676":{"start":{"line":14,"column":8516},"end":{"line":14,"column":8530}},"677":{"start":{"line":14,"column":8530},"end":{"line":14,"column":8576}},"678":{"start":{"line":14,"column":8541},"end":{"line":14,"column":8576}},"679":{"start":{"line":14,"column":8577},"end":{"line":14,"column":8589}},"680":{"start":{"line":14,"column":8610},"end":{"line":14,"column":8649}},"681":{"start":{"line":14,"column":8657},"end":{"line":14,"column":8668}},"682":{"start":{"line":14,"column":8684},"end":{"line":14,"column":8775}},"683":{"start":{"line":14,"column":8696},"end":{"line":14,"column":8728}},"684":{"start":{"line":14,"column":8734},"end":{"line":14,"column":8749}},"685":{"start":{"line":14,"column":8750},"end":{"line":14,"column":8774}},"686":{"start":{"line":14,"column":8790},"end":{"line":14,"column":8818}},"687":{"start":{"line":14,"column":8832},"end":{"line":14,"column":8905}},"688":{"start":{"line":14,"column":8845},"end":{"line":14,"column":8847}},"689":{"start":{"line":14,"column":8850},"end":{"line":14,"column":8852}},"690":{"start":{"line":14,"column":8853},"end":{"line":14,"column":8904}},"691":{"start":{"line":14,"column":8874},"end":{"line":14,"column":8904}},"692":{"start":{"line":14,"column":8897},"end":{"line":14,"column":8904}},"693":{"start":{"line":14,"column":8922},"end":{"line":14,"column":8933}},"694":{"start":{"line":14,"column":8952},"end":{"line":14,"column":8965}},"695":{"start":{"line":14,"column":8996},"end":{"line":14,"column":9014}},"696":{"start":{"line":14,"column":9002},"end":{"line":14,"column":9014}},"697":{"start":{"line":14,"column":9014},"end":{"line":14,"column":9020}},"698":{"start":{"line":14,"column":9020},"end":{"line":14,"column":9086}},"699":{"start":{"line":14,"column":9024},"end":{"line":14,"column":9037}},"700":{"start":{"line":14,"column":9046},"end":{"line":14,"column":9085}},"701":{"start":{"line":14,"column":9107},"end":{"line":14,"column":9146}},"702":{"start":{"line":14,"column":9147},"end":{"line":14,"column":9192}},"703":{"start":{"line":14,"column":9207},"end":{"line":14,"column":9333}},"704":{"start":{"line":14,"column":9348},"end":{"line":14,"column":9364}},"705":{"start":{"line":14,"column":9355},"end":{"line":14,"column":9364}},"706":{"start":{"line":14,"column":9364},"end":{"line":14,"column":9373}},"707":{"start":{"line":14,"column":9379},"end":{"line":14,"column":9392}},"708":{"start":{"line":14,"column":9393},"end":{"line":14,"column":9492}},"709":{"start":{"line":14,"column":9513},"end":{"line":14,"column":9519}},"710":{"start":{"line":14,"column":9520},"end":{"line":14,"column":9598}},"711":{"start":{"line":14,"column":9619},"end":{"line":14,"column":9641}},"712":{"start":{"line":14,"column":9644},"end":{"line":14,"column":9702}},"713":{"start":{"line":14,"column":9705},"end":{"line":14,"column":9712}},"714":{"start":{"line":14,"column":9713},"end":{"line":14,"column":10121}},"715":{"start":{"line":14,"column":9808},"end":{"line":14,"column":9813}},"716":{"start":{"line":14,"column":9816},"end":{"line":14,"column":9821}},"717":{"start":{"line":14,"column":9822},"end":{"line":14,"column":10120}},"718":{"start":{"line":14,"column":9887},"end":{"line":14,"column":9906}},"719":{"start":{"line":14,"column":9924},"end":{"line":14,"column":9945}},"720":{"start":{"line":14,"column":10023},"end":{"line":14,"column":10031}},"721":{"start":{"line":14,"column":10054},"end":{"line":14,"column":10060}},"722":{"start":{"line":14,"column":10086},"end":{"line":14,"column":10118}},"723":{"start":{"line":14,"column":10136},"end":{"line":14,"column":10175}},"724":{"start":{"line":14,"column":10191},"end":{"line":14,"column":10206}},"725":{"start":{"line":14,"column":10197},"end":{"line":14,"column":10206}},"726":{"start":{"line":14,"column":10212},"end":{"line":14,"column":10227}},"727":{"start":{"line":14,"column":10228},"end":{"line":14,"column":10243}},"728":{"start":{"line":14,"column":10234},"end":{"line":14,"column":10243}},"729":{"start":{"line":14,"column":10249},"end":{"line":14,"column":10261}},"730":{"start":{"line":14,"column":10264},"end":{"line":14,"column":10266}},"731":{"start":{"line":14,"column":10267},"end":{"line":14,"column":10348}},"732":{"start":{"line":14,"column":10364},"end":{"line":14,"column":10463}},"733":{"start":{"line":14,"column":10479},"end":{"line":14,"column":10502}},"734":{"start":{"line":14,"column":10490},"end":{"line":14,"column":10502}},"735":{"start":{"line":14,"column":10502},"end":{"line":14,"column":10561}},"736":{"start":{"line":14,"column":10526},"end":{"line":14,"column":10561}},"737":{"start":{"line":14,"column":10561},"end":{"line":14,"column":10592}},"738":{"start":{"line":14,"column":10583},"end":{"line":14,"column":10592}},"739":{"start":{"line":14,"column":10592},"end":{"line":14,"column":10756}},"740":{"start":{"line":14,"column":10610},"end":{"line":14,"column":10628}},"741":{"start":{"line":14,"column":10636},"end":{"line":14,"column":10653}},"742":{"start":{"line":14,"column":10661},"end":{"line":14,"column":10676}},"743":{"start":{"line":14,"column":10684},"end":{"line":14,"column":10701}},"744":{"start":{"line":14,"column":10709},"end":{"line":14,"column":10728}},"745":{"start":{"line":14,"column":10736},"end":{"line":14,"column":10755}},"746":{"start":{"line":14,"column":10756},"end":{"line":14,"column":11065}},"747":{"start":{"line":14,"column":10779},"end":{"line":14,"column":10979}},"748":{"start":{"line":14,"column":10806},"end":{"line":14,"column":10831}},"749":{"start":{"line":14,"column":10839},"end":{"line":14,"column":10864}},"750":{"start":{"line":14,"column":10878},"end":{"line":14,"column":10886}},"751":{"start":{"line":14,"column":10887},"end":{"line":14,"column":10978}},"752":{"start":{"line":14,"column":10979},"end":{"line":14,"column":11064}},"753":{"start":{"line":14,"column":11052},"end":{"line":14,"column":11064}},"754":{"start":{"line":14,"column":11065},"end":{"line":14,"column":11076}},"755":{"start":{"line":14,"column":11098},"end":{"line":14,"column":11100}},"756":{"start":{"line":14,"column":11101},"end":{"line":14,"column":11419}},"757":{"start":{"line":14,"column":11104},"end":{"line":14,"column":11394}},"758":{"start":{"line":14,"column":11106},"end":{"line":14,"column":11394}},"759":{"start":{"line":14,"column":11176},"end":{"line":14,"column":11189}},"760":{"start":{"line":14,"column":11192},"end":{"line":14,"column":11206}},"761":{"start":{"line":14,"column":11209},"end":{"line":14,"column":11219}},"762":{"start":{"line":14,"column":11222},"end":{"line":14,"column":11226}},"763":{"start":{"line":14,"column":11227},"end":{"line":14,"column":11373}},"764":{"start":{"line":14,"column":11373},"end":{"line":14,"column":11381}},"765":{"start":{"line":14,"column":11389},"end":{"line":14,"column":11393}},"766":{"start":{"line":14,"column":11394},"end":{"line":14,"column":11409}},"767":{"start":{"line":14,"column":11419},"end":{"line":14,"column":11427}},"768":{"start":{"line":14,"column":11443},"end":{"line":14,"column":11517}},"769":{"start":{"line":14,"column":11539},"end":{"line":14,"column":11572}},"770":{"start":{"line":14,"column":11563},"end":{"line":14,"column":11572}},"771":{"start":{"line":14,"column":11572},"end":{"line":14,"column":11751}},"772":{"start":{"line":14,"column":11617},"end":{"line":14,"column":11626}},"773":{"start":{"line":14,"column":11640},"end":{"line":14,"column":11734}},"774":{"start":{"line":14,"column":11742},"end":{"line":14,"column":11750}},"775":{"start":{"line":14,"column":11773},"end":{"line":14,"column":11819}},"776":{"start":{"line":14,"column":11810},"end":{"line":14,"column":11819}},"777":{"start":{"line":14,"column":11819},"end":{"line":14,"column":11833}},"778":{"start":{"line":14,"column":11824},"end":{"line":14,"column":11833}},"779":{"start":{"line":14,"column":11833},"end":{"line":14,"column":11947}},"780":{"start":{"line":14,"column":11845},"end":{"line":14,"column":11947}},"781":{"start":{"line":14,"column":11867},"end":{"line":14,"column":11876}},"782":{"start":{"line":14,"column":11883},"end":{"line":14,"column":11896}},"783":{"start":{"line":14,"column":11903},"end":{"line":14,"column":11919}},"784":{"start":{"line":14,"column":11926},"end":{"line":14,"column":11946}},"785":{"start":{"line":14,"column":11947},"end":{"line":14,"column":11955}},"786":{"start":{"line":14,"column":11979},"end":{"line":14,"column":12121}},"787":{"start":{"line":14,"column":12137},"end":{"line":14,"column":12162}},"788":{"start":{"line":14,"column":12190},"end":{"line":14,"column":12221}},"789":{"start":{"line":14,"column":12222},"end":{"line":14,"column":12634}},"790":{"start":{"line":14,"column":12650},"end":{"line":14,"column":12762}},"791":{"start":{"line":14,"column":12736},"end":{"line":14,"column":12745}},"792":{"start":{"line":14,"column":12753},"end":{"line":14,"column":12761}},"793":{"start":{"line":14,"column":12786},"end":{"line":14,"column":12795}},"794":{"start":{"line":14,"column":12796},"end":{"line":14,"column":12917}},"795":{"start":{"line":14,"column":12941},"end":{"line":14,"column":12979}},"796":{"start":{"line":14,"column":12982},"end":{"line":14,"column":13024}},"797":{"start":{"line":14,"column":13025},"end":{"line":14,"column":13183}},"798":{"start":{"line":14,"column":13201},"end":{"line":14,"column":13242}},"799":{"start":{"line":14,"column":13260},"end":{"line":14,"column":13268}},"800":{"start":{"line":14,"column":13274},"end":{"line":14,"column":13285}},"801":{"start":{"line":14,"column":13288},"end":{"line":14,"column":13294}},"802":{"start":{"line":14,"column":13295},"end":{"line":14,"column":13473}},"803":{"start":{"line":14,"column":13306},"end":{"line":14,"column":13400}},"804":{"start":{"line":14,"column":13405},"end":{"line":14,"column":13473}},"805":{"start":{"line":14,"column":13434},"end":{"line":14,"column":13473}},"806":{"start":{"line":14,"column":13473},"end":{"line":14,"column":13658}},"807":{"start":{"line":14,"column":13678},"end":{"line":14,"column":13907}},"808":{"start":{"line":14,"column":13748},"end":{"line":14,"column":13754}},"809":{"start":{"line":14,"column":13755},"end":{"line":14,"column":13828}},"810":{"start":{"line":14,"column":13821},"end":{"line":14,"column":13828}},"811":{"start":{"line":14,"column":13828},"end":{"line":14,"column":13906}},"812":{"start":{"line":14,"column":13907},"end":{"line":14,"column":14039}},"813":{"start":{"line":14,"column":14059},"end":{"line":14,"column":14209}},"814":{"start":{"line":14,"column":14229},"end":{"line":14,"column":14294}},"815":{"start":{"line":14,"column":14310},"end":{"line":14,"column":14317}},"816":{"start":{"line":14,"column":14333},"end":{"line":14,"column":14353}},"817":{"start":{"line":14,"column":14345},"end":{"line":14,"column":14353}},"818":{"start":{"line":14,"column":14371},"end":{"line":14,"column":14395}},"819":{"start":{"line":14,"column":14387},"end":{"line":14,"column":14395}},"820":{"start":{"line":14,"column":14410},"end":{"line":14,"column":14464}},"821":{"start":{"line":14,"column":14480},"end":{"line":14,"column":14539}},"822":{"start":{"line":14,"column":14559},"end":{"line":14,"column":14642}},"823":{"start":{"line":14,"column":14658},"end":{"line":14,"column":14724}},"824":{"start":{"line":14,"column":14711},"end":{"line":14,"column":14724}},"825":{"start":{"line":14,"column":14742},"end":{"line":14,"column":14769}},"826":{"start":{"line":14,"column":14757},"end":{"line":14,"column":14769}},"827":{"start":{"line":14,"column":14787},"end":{"line":14,"column":14828}},"828":{"start":{"line":14,"column":14816},"end":{"line":14,"column":14828}},"829":{"start":{"line":14,"column":14850},"end":{"line":14,"column":14866}},"830":{"start":{"line":14,"column":14867},"end":{"line":14,"column":14934}},"831":{"start":{"line":14,"column":14949},"end":{"line":14,"column":14958}},"832":{"start":{"line":14,"column":14976},"end":{"line":14,"column":15024}},"833":{"start":{"line":14,"column":15042},"end":{"line":14,"column":15062}},"834":{"start":{"line":14,"column":15053},"end":{"line":14,"column":15062}},"835":{"start":{"line":14,"column":15062},"end":{"line":14,"column":15133}},"836":{"start":{"line":14,"column":15124},"end":{"line":14,"column":15133}},"837":{"start":{"line":14,"column":15139},"end":{"line":14,"column":15153}},"838":{"start":{"line":14,"column":15156},"end":{"line":14,"column":15170}},"839":{"start":{"line":14,"column":15171},"end":{"line":14,"column":15203}},"840":{"start":{"line":14,"column":15194},"end":{"line":14,"column":15203}},"841":{"start":{"line":14,"column":15203},"end":{"line":14,"column":15277}},"842":{"start":{"line":14,"column":15226},"end":{"line":14,"column":15277}},"843":{"start":{"line":14,"column":15268},"end":{"line":14,"column":15277}},"844":{"start":{"line":14,"column":15277},"end":{"line":14,"column":15285}},"845":{"start":{"line":14,"column":15307},"end":{"line":14,"column":15308}},"846":{"start":{"line":14,"column":15309},"end":{"line":14,"column":15443}},"847":{"start":{"line":14,"column":15324},"end":{"line":14,"column":15350}},"848":{"start":{"line":14,"column":15339},"end":{"line":14,"column":15350}},"849":{"start":{"line":14,"column":15355},"end":{"line":14,"column":15386}},"850":{"start":{"line":14,"column":15377},"end":{"line":14,"column":15386}},"851":{"start":{"line":14,"column":15386},"end":{"line":14,"column":15442}},"852":{"start":{"line":14,"column":15401},"end":{"line":14,"column":15442}},"853":{"start":{"line":14,"column":15434},"end":{"line":14,"column":15442}},"854":{"start":{"line":14,"column":15443},"end":{"line":14,"column":15463}},"855":{"start":{"line":14,"column":15479},"end":{"line":14,"column":15498}},"856":{"start":{"line":14,"column":15520},"end":{"line":14,"column":15531}},"857":{"start":{"line":14,"column":15532},"end":{"line":14,"column":15582}},"858":{"start":{"line":14,"column":15538},"end":{"line":14,"column":15582}},"859":{"start":{"line":14,"column":15582},"end":{"line":14,"column":16033}},"860":{"start":{"line":14,"column":15607},"end":{"line":14,"column":15615}},"861":{"start":{"line":14,"column":15618},"end":{"line":14,"column":15636}},"862":{"start":{"line":14,"column":15637},"end":{"line":14,"column":15653}},"863":{"start":{"line":14,"column":15647},"end":{"line":14,"column":15653}},"864":{"start":{"line":14,"column":15653},"end":{"line":14,"column":15766}},"865":{"start":{"line":14,"column":15675},"end":{"line":14,"column":15757}},"866":{"start":{"line":14,"column":15697},"end":{"line":14,"column":15721}},"867":{"start":{"line":14,"column":15706},"end":{"line":14,"column":15721}},"868":{"start":{"line":14,"column":15721},"end":{"line":14,"column":15745}},"869":{"start":{"line":14,"column":15730},"end":{"line":14,"column":15745}},"870":{"start":{"line":14,"column":15745},"end":{"line":14,"column":15756}},"871":{"start":{"line":14,"column":15757},"end":{"line":14,"column":15765}},"872":{"start":{"line":14,"column":15766},"end":{"line":14,"column":16007}},"873":{"start":{"line":14,"column":15789},"end":{"line":14,"column":15797}},"874":{"start":{"line":14,"column":15802},"end":{"line":14,"column":15807}},"875":{"start":{"line":14,"column":15807},"end":{"line":14,"column":15899}},"876":{"start":{"line":14,"column":15829},"end":{"line":14,"column":15858}},"877":{"start":{"line":14,"column":15839},"end":{"line":14,"column":15852}},"878":{"start":{"line":14,"column":15852},"end":{"line":14,"column":15857}},"879":{"start":{"line":14,"column":15858},"end":{"line":14,"column":15887}},"880":{"start":{"line":14,"column":15868},"end":{"line":14,"column":15881}},"881":{"start":{"line":14,"column":15881},"end":{"line":14,"column":15886}},"882":{"start":{"line":14,"column":15887},"end":{"line":14,"column":15898}},"883":{"start":{"line":14,"column":15899},"end":{"line":14,"column":16006}},"884":{"start":{"line":14,"column":15906},"end":{"line":14,"column":15994}},"885":{"start":{"line":14,"column":15924},"end":{"line":14,"column":15953}},"886":{"start":{"line":14,"column":15934},"end":{"line":14,"column":15947}},"887":{"start":{"line":14,"column":15947},"end":{"line":14,"column":15952}},"888":{"start":{"line":14,"column":15953},"end":{"line":14,"column":15982}},"889":{"start":{"line":14,"column":15963},"end":{"line":14,"column":15976}},"890":{"start":{"line":14,"column":15976},"end":{"line":14,"column":15981}},"891":{"start":{"line":14,"column":15982},"end":{"line":14,"column":15993}},"892":{"start":{"line":14,"column":15994},"end":{"line":14,"column":16005}},"893":{"start":{"line":14,"column":16007},"end":{"line":14,"column":16032}},"894":{"start":{"line":14,"column":16033},"end":{"line":14,"column":16087}},"895":{"start":{"line":14,"column":16103},"end":{"line":14,"column":16129}},"896":{"start":{"line":14,"column":16117},"end":{"line":14,"column":16129}},"897":{"start":{"line":14,"column":16129},"end":{"line":14,"column":16342}},"898":{"start":{"line":14,"column":16144},"end":{"line":14,"column":16177}},"899":{"start":{"line":14,"column":16168},"end":{"line":14,"column":16177}},"900":{"start":{"line":14,"column":16177},"end":{"line":14,"column":16341}},"901":{"start":{"line":14,"column":16188},"end":{"line":14,"column":16215}},"902":{"start":{"line":14,"column":16220},"end":{"line":14,"column":16235}},"903":{"start":{"line":14,"column":16229},"end":{"line":14,"column":16235}},"904":{"start":{"line":14,"column":16235},"end":{"line":14,"column
[...]
0,0,0,0],"575":[0,0],"576":[0,0],"577":[0,0],"578":[0,0,0,0],"579":[0,0],"580":[0,0],"581":[0,0,0],"582":[0,0,0],"583":[0,0],"584":[0,0,0,0,0,0,0,0,0],"585":[0,0],"586":[0,0],"587":[0,0],"588":[0,0],"589":[0,0,0,0,0,0,0,0,0],"590":[0,0],"591":[0,0],"592":[0,0,0,0],"593":[0,0,0,0,0,0,0,0],"594":[0,0,0],"595":[0,0,0],"596":[0,0],"597":[0,0],"598":[0,0],"599":[0,0],"600":[0,0],"601":[0,0],"602":[0,0],"603":[0,0],"604":[0,0],"605":[0,0],"606":[0,0,0],"607":[0,0],"608":[0,0],"609":[0,0],"610":[0,0],"611":[0,0],"612":[0,0],"613":[0,0],"614":[0,0],"615":[0,0],"616":[0,0],"617":[0,0],"618":[0,0,0,0,0,0],"619":[0,0],"620":[0,0],"621":[0,0,0,0],"622":[0,0],"623":[0,0],"624":[0,0],"625":[0,0],"626":[0,0],"627":[0,0],"628":[0,0],"629":[0,0,0,0],"630":[0,0,0,0],"631":[0,0],"632":[0,0],"633":[0,0],"634":[0,0],"635":[0,0],"636":[0,0],"637":[0,0],"638":[0,0],"639":[0,0],"640":[0,0],"641":[0,0],"642":[0,0],"643":[0,0,0],"644":[0,0,0,0],"645":[0,0],"646":[0,0],"647":[0,0],"648":[0,0],"649":[0,0],"650":[0,0],"651":[0,0,0],"652":[0,0],"653":[0,0],"654":[0,0],"655":[0,0],"656":[0,0],"657":[0,0,0],"658":[0,0],"659":[0,0],"660":[0,0],"661":[0,0],"662":[0,0,0],"663":[0,0],"664":[0,0],"665":[0,0],"666":[0,0],"667":[0,0,0,0],"668":[0,0,0],"669":[0,0],"670":[0,0],"671":[0,0],"672":[0,0,0],"673":[0,0],"674":[0,0],"675":[0,0],"676":[0,0],"677":[0,0],"678":[0,0],"679":[0,0],"680":[0,0,0],"681":[0,0],"682":[0,0,0,0],"683":[0,0],"684":[0,0],"685":[0,0],"686":[0,0],"687":[0,0],"688":[0,0],"689":[0,0,0,0,0],"690":[0,0],"691":[0,0],"692":[0,0],"693":[0,0],"694":[0,0],"695":[0,0],"696":[0,0,0],"697":[0,0],"698":[0,0],"699":[0,0,0],"700":[0,0],"701":[0,0],"702":[0,0,0,0],"703":[0,0],"704":[0,0],"705":[0,0],"706":[0,0],"707":[0,0],"708":[0,0],"709":[0,0],"710":[0,0],"711":[0,0],"712":[0,0],"713":[0,0],"714":[0,0],"715":[0,0],"716":[0,0,0],"717":[0,0],"718":[0,0],"719":[0,0],"720":[0,0],"721":[0,0],"722":[0,0,0,0],"723":[0,0],"724":[0,0],"725":[0,0],"726":[0,0],"727":[0,0],"728":[0,0],"729":[0,0],"730":[0,0],"731":[0,0],"732":[0,0],"733":[0,0],"734":[0,0],"735":[0,0],"736":[0,0],"737":[0,0],"738":[0,0],"739":[0,0],"740":[0,0],"741":[0,0],"742":[0,0],"743":[0,0],"744":[0,0],"745":[0,0],"746":[0,0],"747":[0,0],"748":[0,0],"749":[0,0],"750":[0,0],"751":[0,0],"752":[0,0],"753":[0,0],"754":[0,0],"755":[0,0],"756":[0,0],"757":[0,0],"758":[0,0],"759":[0,0],"760":[0,0],"761":[0,0],"762":[0,0],"763":[0,0],"764":[0,0,0,0],"765":[0,0],"766":[0,0],"767":[0,0],"768":[0,0],"769":[0,0],"770":[0,0],"771":[0,0,0],"772":[0,0],"773":[0,0],"774":[0,0],"775":[0,0],"776":[0,0],"777":[0,0],"778":[0,0],"779":[0,0],"780":[0,0],"781":[0,0,0,0],"782":[0,0],"783":[0,0],"784":[0,0],"785":[0,0],"786":[0,0],"787":[0,0],"788":[0,0,0],"789":[0,0],"790":[0,0],"791":[0,0],"792":[0,0,0,0],"793":[0,0],"794":[0,0],"795":[0,0],"796":[0,0],"797":[0,0],"798":[0,0],"799":[0,0],"800":[0,0],"801":[0,0],"802":[0,0],"803":[0,0],"804":[0,0,0],"805":[0,0],"806":[0,0],"807":[0,0],"808":[0,0],"809":[0,0],"810":[0,0],"811":[0,0],"812":[0,0],"813":[0,0],"814":[0,0],"815":[0,0,0],"816":[0,0,0],"817":[0,0],"818":[0,0,0],"819":[0,0],"820":[0,0],"821":[0,0],"822":[0,0],"823":[0,0],"824":[0,0],"825":[0,0],"826":[0,0],"827":[0,0],"828":[0,0],"829":[0,0],"830":[0,0,0],"831":[0,0],"832":[0,0],"833":[0,0],"834":[0,0,0,0],"835":[0,0],"836":[0,0,0,0],"837":[0,0],"838":[0,0],"839":[0,0],"840":[0,0],"841":[0,0],"842":[0,0],"843":[0,0],"844":[0,0],"845":[0,0,0],"846":[0,0],"847":[0,0,0,0,0],"848":[0,0],"849":[0,0],"850":[0,0],"851":[0,0],"852":[0,0],"853":[0,0],"854":[0,0],"855":[0,0],"856":[0,0],"857":[0,0],"858":[0,0],"859":[0,0,0,0,0,0],"860":[0,0],"861":[0,0],"862":[0,0],"863":[0,0,0,0],"864":[0,0],"865":[0,0],"866":[0,0],"867":[0,0,0,0],"868":[0,0],"869":[0,0],"870":[0,0],"871":[0,0],"872":[0,0],"873":[0,0],"874":[0,0,0,0,0,0],"875":[0,0],"876":[0,0],"877":[0,0],"878":[0,0,0,0],"879":[0,0],"880":[0,0],"881":[0,0],"882":[0,0,0,0],"883":[0,0],"884":[0,0],"885":[0,0],"886":[0,0],"887":[0,0,0,0],"888":[0,0,0,0],"889":[0,0,0,0],"890":[0,0,0,0],"891":[0,0],"892":[0,0],"893":[0,0],"894":[0,0],"895":[0,0,0],"896":[0,0],"897":[0,0],"898":[0,0],"899":[0,0],"900":[0,0],"901":[0,0],"902":[0,0],"903":[0,0],"904":[0,0,0],"905":[0,0],"906":[0,0],"907":[0,0],"908":[0,0,0],"909":[0,0,0,0],"910":[0,0],"911":[0,0,0,0],"912":[0,0],"913":[0,0],"914":[0,0],"915":[0,0],"916":[0,0],"917":[0,0],"918":[0,0],"919":[0,0],"920":[0,0,0],"921":[0,0],"922":[0,0,0],"923":[0,0,0,0,0,0],"924":[0,0],"925":[0,0],"926":[0,0,0,0,0,0,0,0,0,0,0,0,0,0,0,0,0,0],"927":[0,0],"928":[0,0],"929":[0,0],"930":[0,0],"931":[0,0,0],"932":[0,0],"933":[0,0],"934":[0,0],"935":[0,0],"936":[0,0,0],"937":[0,0],"938":[0,0,0],"939":[0,0],"940":[0,0],"941":[0,0],"942":[0,0],"943":[0,0],"944":[0,0,0,0,0],"945":[0,0],"946":[0,0],"947":[0,0],"948":[0,0],"949":[0,0],"950":[0,0],"951":[0,0],"952":[0,0],"953":[0,0,0],"954":[0,0,0,0],"955":[0,0],"956":[0,0],"957":[0,0,0,0],"958":[0,0],"959":[0,0],"960":[0,0],"961":[0,0],"962":[0,0],"963":[0,0],"964":[0,0],"965":[0,0],"966":[0,0,0],"967":[0,0],"968":[0,0,0],"969":[0,0],"970":[0,0],"971":[0,0,0,0],"972":[0,0],"973":[0,0],"974":[0,0,0],"975":[0,0],"976":[0,0,0,0],"977":[0,0],"978":[0,0],"979":[0,0],"980":[0,0],"981":[0,0],"982":[0,0],"983":[0,0],"984":[0,0],"985":[0,0],"986":[0,0],"987":[0,0],"988":[0,0],"989":[0,0],"990":[0,0],"991":[0,0],"992":[0,0],"993":[0,0],"994":[0,0],"995":[0,0],"996":[0,0],"997":[0,0],"998":[0,0],"999":[0,0,0],"1000":[0,0],"1001":[0,0],"1002":[0,0],"1003":[0,0],"1004":[0,0],"1005":[0,0],"1006":[0,0],"1007":[0,0],"1008":[0,0],"1009":[0,0],"1010":[0,0],"1011":[0,0],"1012":[0,0],"1013":[0,0],"1014":[0,0],"1015":[0,0],"1016":[0,0,0,0,0,0,0,0],"1017":[0,0],"1018":[0,0],"1019":[0,0],"1020":[0,0,0,0],"1021":[0,0],"1022":[0,0],"1023":[0,0],"1024":[0,0,0],"1025":[0,0],"1026":[0,0],"1027":[0,0],"1028":[0,0],"1029":[0,0],"1030":[0,0,0],"1031":[0,0],"1032":[0,0],"1033":[0,0,0,0,0,0,0,0],"1034":[0,0],"1035":[0,0],"1036":[0,0],"1037":[0,0],"1038":[0,0],"1039":[0,0],"1040":[0,0],"1041":[0,0,0,0,0,0],"1042":[0,0,0],"1043":[0,0,0],"1044":[0,0],"1045":[0,0,0,0,0,0,0,0,0,0,0,0,0,0,0,0,0,0],"1046":[0,0],"1047":[0,0],"1048":[0,0],"1049":[0,0,0],"1050":[0,0],"1051":[0,0],"1052":[0,0],"1053":[0,0],"1054":[0,0],"1055":[0,0,0,0,0,0,0,0,0,0,0,0,0],"1056":[0,0],"1057":[0,0],"1058":[0,0],"1059":[0,0],"1060":[0,0,0],"1061":[0,0,0],"1062":[0,0,0,0,0],"1063":[0,0],"1064":[0,0],"1065":[0,0],"1066":[0,0],"1067":[0,0],"1068":[0,0],"1069":[0,0],"1070":[0,0,0],"1071":[0,0],"1072":[0,0],"1073":[0,0],"1074":[0,0],"1075":[0,0],"1076":[0,0],"1077":[0,0],"1078":[0,0,0,0,0,0,0,0,0,0,0,0,0,0,0],"1079":[0,0],"1080":[0,0],"1081":[0,0],"1082":[0,0],"1083":[0,0],"1084":[0,0],"1085":[0,0],"1086":[0,0,0],"1087":[0,0],"1088":[0,0,0,0],"1089":[0,0],"1090":[0,0],"1091":[0,0],"1092":[0,0,0,0,0],"1093":[0,0],"1094":[0,0],"1095":[0,0],"1096":[0,0],"1097":[0,0],"1098":[0,0],"1099":[0,0],"1100":[0,0],"1101":[0,0],"1102":[0,0,0],"1103":[0,0],"1104":[0,0],"1105":[0,0],"1106":[0,0],"1107":[0,0],"1108":[0,0,0,0],"1109":[0,0,0,0],"1110":[0,0],"1111":[0,0,0],"1112":[0,0],"1113":[0,0],"1114":[0,0],"1115":[0,0],"1116":[0,0],"1117":[0,0],"1118":[0,0],"1119":[0,0],"1120":[0,0],"1121":[0,0],"1122":[0,0],"1123":[0,0,0,0],"1124":[0,0],"1125":[0,0],"1126":[0,0],"1127":[0,0],"1128":[0,0],"1129":[0,0,0],"1130":[0,0],"1131":[0,0,0,0,0],"1132":[0,0],"1133":[0,0],"1134":[0,0],"1135":[0,0],"1136":[0,0],"1137":[0,0,0,0,0,0],"1138":[0,0,0],"1139":[0,0],"1140":[0,0],"1141":[0,0],"1142":[0,0],"1143":[0,0],"1144":[0,0],"1145":[0,0],"1146":[0,0],"1147":[0,0,0],"1148":[0,0,0],"1149":[0,0],"1150":[0,0,0,0],"1151":[0,0],"1152":[0,0],"1153":[0,0],"1154":[0,0],"1155":[0,0],"1156":[0,0],"1157":[0,0,0],"1158":[0,0,0,0],"1159":[0,0,0],"1160":[0,0,0,0],"1161":[0,0],"1162":[0,0],"1163":[0,0],"1164":[0,0,0],"1165":[0,0,0,0],"1166":[0,0],"1167":[0,0],"1168":[0,0,0,0],"1169":[0,0,0,0],"1170":[0,0],"1171":[0,0],"1172":[0,0,0],"1173":[0,0],"1174":[0,0],"1175":[0,0],"1176":[0,0],"1177":[0,0],"1178":[0,0],"1179":[0,0],"1180":[0,0],"1181":[0,0],"1182":[0,0,0],"1183":[0,0],"1184":[0,0],"1185":[0,0],"1186":[0,0,0],"1187":[0,0],"1188":[0,0],"1189":[0,0],"1190":[0,0,0],"1191":[0,0],"1192":[0,0],"1193":[0,0],"1194":[0,0,0],"1195":[0,0],"1196":[0,0,0,0,0,0],"1197":[0,0,0,0],"1198":[0,0],"1199":[0,0],"1200":[0,0],"1201":[0,0],"1202":[0,0],"1203":[0,0],"1204":[0,0],"1205":[0,0],"1206":[0,0],"1207":[0,0],"1208":[0,0],"1209":[0,0],"1210":[0,0],"1211":[0,0],"1212":[0,0,0],"1213":[0,0],"1214":[0,0],"1215":[0,0],"1216":[0,0],"1217":[0,0],"1218":[0,0],"1219":[0,0,0],"1220":[0,0],"1221":[0,0],"1222":[0,0],"1223":[0,0],"1224":[0,0],"1225":[0,0],"1226":[0,0],"1227":[0,0],"1228":[0,0],"1229":[0,0],"1230":[0,0,0],"1231":[0,0],"1232":[0,0],"1233":[0,0],"1234":[0,0,0,0],"1235":[0,0,0,0],"1236":[0,0],"1237":[0,0],"1238":[0,0],"1239":[0,0,0],"1240":[0,0,0],"1241":[0,0],"1242":[0,0],"1243":[0,0],"1244":[0,0],"1245":[0,0,0,0,0,0,0],"1246":[0,0],"1247":[0,0],"1248":[0,0],"1249":[0,0],"1250":[0,0],"1251":[0,0],"1252":[0,0],"1253":[0,0],"1254":[0,0],"1255":[0,0],"1256":[0,0,0,0],"1257":[0,0],"1258":[0,0],"1259":[0,0],"1260":[0,0],"1261":[0,0],"1262":[0,0,0,0],"1263":[0,0,0],"1264":[0,0],"1265":[0,0],"1266":[0,0],"1267":[0,0,0],"1268":[0,0],"1269":[0,0,0],"1270":[0,0,0,0,0,0,0,0],"1271":[0,0],"1272":[0,0],"1273":[0,0],"1274":[0,0],"1275":[0,0,0,0,0,0,0,0,0],"1276":[0,0],"1277":[0,0],"1278":[0,0],"1279":[0,0],"1280":[0,0],"1281":[0,0,0],"1282":[0,0,0,0],"1283":[0,0],"1284":[0,0],"1285":[0,0],"1286":[0,0],"1287":[0,0],"1288":[0,0],"1289":[0,0],"1290":[0,0],"1291":[0,0],"1292":[0,0,0],"1293":[0,0],"1294":[0,0,0],"1295":[0,0],"1296":[0,0],"1297":[0,0],"1298":[0,0,0],"1299":[0,0],"1300":[0,0],"1301":[0,0],"1302":[0,0,0,0],"1303":[0,0,0],"1304":[0,0],"1305":[0,0,0,0],"1306":[0,0,0],"1307":[0,0],"1308":[0,0],"1309":[0,0],"1310":[0,0],"1311":[0,0],"1312":[0,0],"1313":[0,0],"1314":[0,0],"1315":[0,0],"1316":[0,0],"1317":[0,0],"1318":[0,0],"1319":[0,0],"1320":[0,0],"1321":[0,0],"1322":[0,0],"1323":[0,0,0,0,0,0],"1324":[0,0],"1325":[0,0],"1326":[0,0],"1327":[0,0],"1328":[0,0,0],"1329":[0,0],"1330":[0,0],"1331":[0,0],"1332":[0,0],"1333":[0,0],"1334":[0,0],"1335":[0,0],"1336":[0,0],"1337":[0,0],"1338":[0,0],"1339":[0,0],"1340":[0,0],"1341":[0,0,0],"1342":[0,0],"1343":[0,0],"1344":[0,0,0],"1345":[0,0],"1346":[0,0],"1347":[0,0],"1348":[0,0],"1349":[0,0],"1350":[0,0],"1351":[0,0],"1352":[0,0],"1353":[0,0],"1354":[0,0],"1355":[0,0],"1356":[0,0,0],"1357":[0,0,0],"1358":[0,0,0,0,0],"1359":[0,0],"1360":[0,0,0],"1361":[0,0],"1362":[0,0],"1363":[0,0,0],"1364":[0,0],"1365":[0,0,0],"1366":[0,0],"1367":[0,0],"1368":[0,0,0],"1369":[0,0],"1370":[0,0],"1371":[0,0],"1372":[0,0],"1373":[0,0],"1374":[0,0],"1375":[0,0],"1376":[0,0],"1377":[0,0],"1378":[0,0],"1379":[0,0],"1380":[0,0],"1381":[0,0],"1382":[0,0],"1383":[0,0],"1384":[0,0],"1385":[0,0],"1386":[0,0],"1387":[0,0],"1388":[0,0],"1389":[0,0,0],"1390":[0,0],"1391":[0,0],"1392":[0,0],"1393":[0,0],"1394":[0,0,0],"1395":[0,0],"1396":[0,0],"1397":[0,0,0,0,0],"1398":[0,0],"1399":[0,0],"1400":[0,0,0,0,0],"1401":[0,0],"1402":[0,0],"1403":[0,0],"1404":[0,0],"1405":[0,0],"1406":[0,0],"1407":[0,0],"1408":[0,0],"1409":[0,0],"1410":[0,0],"1411":[0,0],"1412":[0,0,0,0,0],"1413":[0,0],"1414":[0,0],"1415":[0,0],"1416":[0,0],"1417":[0,0],"1418":[0,0],"1419":[0,0],"1420":[0,0],"1421":[0,0],"1422":[0,0,0],"1423":[0,0],"1424":[0,0],"1425":[0,0],"1426":[0,0],"1427":[0,0],"1428":[0,0],"1429":[0,0,0,0],"1430":[0,0,0,0],"1431":[0,0],"1432":[0,0],"1433":[0,0],"1434":[0,0],"1435":[0,0],"1436":[0,0],"1437":[0,0],"1438":[0,0],"1439":[0,0],"1440":[0,0],"1441":[0,0],"1442":[0,0],"1443":[0,0],"1444":[0,0],"1445":[0,0],"1446":[0,0],"1447":[0,0],"1448":[0,0],"1449":[0,0],"1450":[0,0],"1451":[0,0],"1452":[0,0],"1453":[0,0,0,0,0,0,0,0,0,0,0,0,0,0,0,0,0,0,0,0,0,0,0,0,0,0,0,0,0,0,0,0,0,0,0,0,0,0,0,0,0,0,0,0],"1454":[0,0],"1455":[0,0],"1456":[0,0,0],"1457":[0,0],"1458":[0,0],"1459":[0,0],"1460":[0,0],"1461":[0,0],"1462":[0,0],"1463":[0,0,0,0,0,0,0,0,0],"1464":[0,0],"1465":[0,0,0],"1466":[0,0],"1467":[0,0],"1468":[0,0],"1469":[0,0],"1470":[0,0],"1471":[0,0],"1472":[0,0],"1473":[0,0,0],"1474":[0,0,0],"1475":[0,0,0],"1476":[0,0],"1477":[0,0,0,0,0],"1478":[0,0,0],"1479":[0,0],"1480":[0,0,0],"1481":[0,0],"1482":[0,0],"1483":[0,0],"1484":[0,0,0,0,0,0],"1485":[0,0],"1486":[0,0],"1487":[0,0],"1488":[0,0],"1489":[0,0],"1490":[0,0,0,0],"1491":[0,0],"1492":[0,0],"1493":[0,0,0,0],"1494":[0,0],"1495":[0,0,0],"1496":[0,0],"1497":[0,0],"1498":[0,0],"1499":[0,0],"1500":[0,0],"1501":[0,0],"1502":[0,0,0],"1503":[0,0],"1504":[0,0],"1505":[0,0,0,0],"1506":[0,0],"1507":[0,0,0],"1508":[0,0],"1509":[0,0],"1510":[0,0,0],"1511":[0,0],"1512":[0,0],"1513":[0,0],"1514":[0,0],"1515":[0,0],"1516":[0,0,0],"1517":[0,0],"1518":[0,0],"1519":[0,0],"1520":[0,0],"1521":[0,0],"1522":[0,0],"1523":[0,0],"1524":[0,0],"1525":[0,0],"1526":[0,0],"1527":[0,0,0],"1528":[0,0],"1529":[0,0],"1530":[0,0],"1531":[0,0],"1532":[0,0,0],"1533":[0,0],"1534":[0,0],"1535":[0,0],"1536":[0,0],"1537":[0,0],"1538":[0,0],"1539":[0,0],"1540":[0,0],"1541":[0,0],"1542":[0,0],"1543":[0,0],"1544":[0,0],"1545":[0,0],"1546":[0,0],"1547":[0,0],"1548":[0,0],"1549":[0,0,0],"1550":[0,0],"1551":[0,0],"1552":[0,0],"1553":[0,0],"1554":[0,0],"1555":[0,0,0],"1556":[0,0],"1557":[0,0],"1558":[0,0],"1559":[0,0,0],"1560":[0,0],"1561":[0,0],"1562":[0,0],"1563":[0,0],"1564":[0,0,0],"1565":[0,0],"1566":[0,0],"1567":[0,0],"1568":[0,0],"1569":[0,0],"1570":[0,0],"1571":[0,0],"1572":[0,0],"1573":[0,0],"1574":[0,0],"1575":[0,0],"1576":[0,0],"1577":[0,0],"1578":[0,0],"1579":[0,0],"1580":[0,0],"1581":[0,0],"1582":[0,0],"1583":[0,0],"1584":[0,0],"1585":[0,0],"1586":[0,0],"1587":[0,0],"1588":[0,0],"1589":[0,0],"1590":[0,0],"1591":[0,0],"1592":[0,0],"1593":[0,0],"1594":[0,0],"1595":[0,0],"1596":[0,0],"1597":[0,0],"1598":[0,0],"1599":[0,0],"1600":[0,0],"1601":[0,0],"1602":[0,0],"1603":[0,0],"1604":[0,0],"1605":[0,0,0,0],"1606":[0,0],"1607":[0,0],"1608":[0,0],"1609":[0,0],"1610":[0,0],"1611":[0,0],"1612":[0,0],"1613":[0,0],"1614":[0,0],"1615":[0,0],"1616":[0,0],"1617":[0,0,0],"1618":[0,0],"1619":[0,0],"1620":[0,0],"1621":[0,0],"1622":[0,0],"1623":[0,0],"1624":[0,0],"1625":[0,0],"1626":[0,0],"1627":[0,0],"1628":[0,0,0],"1629":[0,0,0],"1630":[0,0,0,0],"1631":[0,0],"1632":[0,0],"1633":[0,0],"1634":[0,0],"1635":[0,0],"1636":[0,0,0],"1637":[0,0],"1638":[0,0],"1639":[0,0,0],"1640":[0,0,0],"1641":[0,0],"1642":[0,0],"1643":[0,0],"1644":[0,0],"1645":[0,0],"1646":[0,0],"1647":[0,0],"1648":[0,0,0],"1649":[0,0,0],"1650":[0,0],"1651":[0,0,0],"1652":[0,0],"1653":[0,0],"1654":[0,0],"1655":[0,0],"1656":[0,0,0],"1657":[0,0],"1658":[0,0],"1659":[0,0],"1660":[0,0],"1661":[0,0],"1662":[0,0],"1663":[0,0],"1664":[0,0],"1665":[0,0],"1666":[0,0],"1667":[0,0],"1668":[0,0],"1669":[0,0],"1670":[0,0],"1671":[0,0],"1672":[0,0],"1673":[0,0],"1674":[0,0],"1675":[0,0],"1676":[0,0],"1677":[0,0],"1678":[0,0],"1679":[0,0],"1680":[0,0],"1681":[0,0],"1682":[0,0],"1683":[0,0],"1684":[0,0],"1685":[0,0],"1686":[0,0],"1687":[0,0],"1688":[0,0,0],"1689":[0,0],"1690":[0,0],"1691":[0,0],"1692":[0,0],"1693":[0,0],"1694":[0,0],"1695":[0,0,0],"1696":[0,0],"1697":[0,0],"1698":[0,0],"1699":[0,0]}},"/Users/mark/Coding/bookstore/server.js":{"path":"/Users/mark/Coding/bookstore/server.js","statementMap":{"0":{"start":{"line":1,"column":16},"end":{"line":1,"column":34}},"1":{"start":{"line":2,"column":12},"end":{"line":2,"column":21}},"2":{"start":{"line":4,"column":17},"end":{"line":4,"column":36}},"3":{"start":{"line":5,"column":0},"end":{"line":5,"column":39}},"4":{"start":{"line":6,"column":0},"end":{"line":6,"column":54}},"5":{"start":{"line":8,"column":15},"end":{"line":8,"column":32}},"6":{"start":{"line":9,"column":19},"end":{"line":9,"column":41}},"7":{"start":{"line":10,"column":24},"end":{"line":10,"column":55}},"8":{"start":{"line":11,"column":15},"end":{"line":11,"column":46}},"9":{"start":{"line":12,"column":24},"end":{"line":12,"column":56}},"10":{"start":{"line":13,"column":21},"end":{"line":13,"column":50}},"11":{"start":{"line":15,"column":0},"end":{"line":15,"column":50}},"12":{"start":{"line":17,"column":0},"end":{"line":17,"column":23}},"13":{"start":{"line":18,"column":0},"end":{"line":18,"column":47}},"14":{"start":{"line":19,"column":0},"end":{"line":19,"column":27}},"15":{"start":{"line":21,"column":0},"end":{"line":21,"column":25}},"16":{"start":{"line":23,"column":0},"end":{"line":23,"column":24}},"17":{"start":{"line":24,"column":0},"end":{"line":24,"column":76}},"18":{"start":{"line":24,"column":28},"end":{"line":24,"column":74}},"19":{"start":{"line":26,"column":0},"end":{"line":26,"column":22}},"20":{"start":{"line":28,"column":0},"end":{"line":28,"column":76}},"21":{"start":{"line":28,"column":23},"end":{"line":28,"column":74}},"22":{"start":{"line":30,"column":0},"end":{"line":30,"column":21}}},"fnMap":{"0":{"name":"(anonymous_0)","decl":{"start":{"line":24,"column":14},"end":{"line":24,"column":15}},"loc":{"start":{"line":24,"column":28},"end":{"line":24,"column":74}},"line":24},"1":{"name":"(anonymous_1)","decl":{"start":{"line":28,"column":17},"end":{"line":28,"column":18}},"loc":{"start":{"line":28,"column":23},"end":{"line":28,"column":74}},"line":28}},"branchMap":{},"s":{"0":0,"1":0,"2":0,"3":0,"4":0,"5":0,"6":0,"7":0,"8":0,"9":0,"10":0,"11":0,"12":0,"13":0,"14":0,"15":0,"16":0,"17":0,"18":0,"19":0,"20":0,"21":0,"22":0},"f":{"0":0,"1":0},"b":{}},"/Users/mark/Coding/bookstore/src/app.js":{"path":"/Users/mark/Coding/bookstore/src/app.js","statementMap":{"0":{"start":{"line":9,"column":4},"end":{"line":21,"column":6}},"1":{"start":{"line":25,"column":0},"end":{"line":28,"column":2}}},"fnMap":{"0":{"name":"(anonymous_0)","decl":{"start":{"line":8,"column":2},"end":{"line":8,"column":3}},"loc":{"start":{"line":8,"column":11},"end":{"line":22,"column":3}},"line":8}},"branchMap":{},"s":{"0":0,"1":0},"f":{"0":0},"b":{}},"/Users/mark/Coding/bookstore/src/books/BooksForm.js":{"path":"/Users/mark/Coding/bookstore/src/books/BooksForm.js","statementMap":{"0":{"start":{"line":7,"column":2},"end":{"line":64,"column":4}}},"fnMap":{"0":{"name":"BooksForm","decl":{"start":{"line":5,"column":9},"end":{"line":5,"column":18}},"loc":{"start":{"line":5,"column":66},"end":{"line":65,"column":1}},"line":5}},"branchMap":{},"s":{"0":0},"f":{"0":0},"b":{}},"/Users/mark/Coding/bookstore/src/books/BooksRoutes.js":{"path":"/Users/mark/Coding/bookstore/src/books/BooksRoutes.js","statementMap":{"0":{"start":{"line":9,"column":20},"end":{"line":18,"column":1}},"1":{"start":{"line":10,"column":2},"end":{"line":17,"column":4}}},"fnMap":{"0":{"name":"(anonymous_0)","decl":{"start":{"line":9,"column":20},"end":{"line":9,"column":21}},"loc":{"start":{"line":9,"column":26},"end":{"line":18,"column":1}},"line":9}},"branchMap":{},"s":{"0":0,"1":0},"f":{"0":0},"b":{}},"/Users/mark/Coding/bookstore/src/utility/BackButton.js":{"path":"/Users/mark/Coding/bookstore/src/utility/BackButton.js","statementMap":{"0":{"start":{"line":3,"column":19},"end":{"line":10,"column":1}},"1":{"start":{"line":4,"column":2},"end":{"line":9,"column":4}}},"fnMap":{"0":{"name":"(anonymous_0)","decl":{"start":{"line":3,"column":19},"end":{"line":3,"column":20}},"loc":{"start":{"line":3,"column":36},"end":{"line":10,"column":1}},"line":3}},"branchMap":{},"s":{"0":0,"1":0},"f":{"0":0},"b":{}},"/Users/mark/Coding/bookstore/webpack.config.js":{"path":"/Users/mark/Coding/bookstore/webpack.config.js","statementMap":{"0":{"start":{"line":1,"column":13},"end":{"line":1,"column":28}},"1":{"start":{"line":2,"column":16},"end":{"line":2,"column":34}},"2":{"start":{"line":4,"column":26},"end":{"line":4,"column":56}},"3":{"start":{"line":5,"column":20},"end":{"line":9,"column":2}},"4":{"start":{"line":11,"column":26},"end":{"line":11,"column":56}},"5":{"start":{"line":12,"column":20},"end":{"line":14,"column":2}},"6":{"start":{"line":16,"column":28},"end":{"line":16,"column":68}},"7":{"start":{"line":18,"column":0},"end":{"line":51,"column":2}}},"fnMap":{},"branchMap":{},"s":{"0":0,"1":0,"2":0,"3":0,"4":0,"5":0,"6":0,"7":0},"f":{},"b":{}}}